2017/11/12 02:27:40.927-[XQBHServer.ServerTran.CommonTran.Comtran:28]-[LOG_IO]-flLogLV = [DEBUG] 
2017/11/12 02:27:40.928-[XQBHServer.ServerTran.CommonTran.Comtran:29]-[LOG_IO]-XMLIn=<?xml version="1.0" encoding="UTF-8"?>
<root><head type="java.util.Map"><HTJYM_>ZDLogin</HTJYM_><QTRQ_U>20171112</QTRQ_U><ZDBH_U>ZD00000001</ZDBH_U><IP_UUU>192.168.31.62</IP_UUU><QTLS_U>CZD0000000100002</QTLS_U><ZDJYM_>1234567890</ZDJYM_><QTSJ_U>142739</QTSJ_U><QTJYM_>ZDLogin</QTJYM_></head><body type="java.util.Map"/></root>
2017/11/12 02:27:41.053-[XQBHServer.ServerAPI.JCZDHFX.exec:19]-[LOG_IO]->>>>>>>>>>>>>>>>>>>>>>>>>>>>>>
2017/11/12 02:27:41.054-[XQBHServer.ServerAPI.JCZDHFX.exec:22]-[LOG_IO]-sZDBH_U=ZD00000001
2017/11/12 02:27:41.055-[XQBHServer.ServerAPI.JCZDHFX.exec:23]-[LOG_IO]-sZDJYM_=1234567890
2017/11/12 02:27:41.061-[XQBHServer.ServerAPI.JCZDHFX.exec:35]-[LOG_IO]-<<<<<<<<<<<<<<<<<<<<<<<<<<<<<<
2017/11/12 02:27:41.061-[XQBHServer.ServerTran.CommonTran.Comtran:45]-[LOG_IO]-JYM_UU=ZDLogin
2017/11/12 02:27:41.172-[XQBHServer.ServerTran.ZDLogin.exec:24]-[LOG_IO]->>>>>>>>>>>>>>>>>>>>>>>>>>>>>>
2017/11/12 02:27:41.172-[XQBHServer.ServerTran.ZDLogin.exec:25]-[LOG_IO]-ZDJYM_=1234567890
2017/11/12 02:27:41.172-[XQBHServer.ServerTran.ZDLogin.exec:26]-[LOG_IO]-ZDBH_U=ZD00000001
2017/11/12 02:27:41.182-[XQBHServer.ServerTran.ZDLogin.exec:53]-[LOG_DEBUG]-1
2017/11/12 02:27:41.182-[XQBHServer.ServerTran.ZDLogin.exec:54]-[LOG_IO]-<<<<<<<<<<<<<<<<<<<<<<<<<<<<<<
2017/11/12 02:27:41.253-[XQBHServer.ServerTran.CommonTran.getOut:85]-[LOG_IO]-XMLOut<?xml version="1.0" encoding="UTF-8"?>
<root><head type="java.util.Map"><HTJYM_>ZDLogin</HTJYM_><HTRQ_U>20171112</HTRQ_U><CWXX_U></CWXX_U><QTRQ_U>20171112</QTRQ_U><ZDBH_U>ZD00000001</ZDBH_U><IP_UUU>192.168.31.62</IP_UUU><HTLS_U></HTLS_U><QTLS_U>CZD0000000100002</QTLS_U><CWDM_U>AAAAAA</CWDM_U><ZDJYM_>1234567890</ZDJYM_><QTSJ_U>142739</QTSJ_U><QTJYM_>ZDLogin</QTJYM_></head><body type="java.util.Map"><re>哈哈哈</re></body></root>



2017/11/12 02:27:53.917-[XQBHServer.ServerTran.CommonTran.Comtran:28]-[LOG_IO]-flLogLV = [DEBUG] 
2017/11/12 02:27:53.918-[XQBHServer.ServerTran.CommonTran.Comtran:29]-[LOG_IO]-XMLIn=<?xml version="1.0" encoding="UTF-8"?>
<root><head type="java.util.Map"><HTJYM_>ZDLogin</HTJYM_><QTRQ_U>20171112</QTRQ_U><ZDBH_U>ZD00000001</ZDBH_U><IP_UUU>192.168.31.62</IP_UUU><QTLS_U>CZD0000000100003</QTLS_U><ZDJYM_>1234567890</ZDJYM_><QTSJ_U>142753</QTSJ_U><QTJYM_>ZDLogin</QTJYM_></head><body type="java.util.Map"/></root>
2017/11/12 02:27:53.967-[XQBHServer.ServerAPI.JCZDHFX.exec:19]-[LOG_IO]->>>>>>>>>>>>>>>>>>>>>>>>>>>>>>
2017/11/12 02:27:53.967-[XQBHServer.ServerAPI.JCZDHFX.exec:22]-[LOG_IO]-sZDBH_U=ZD00000001
2017/11/12 02:27:53.967-[XQBHServer.ServerAPI.JCZDHFX.exec:23]-[LOG_IO]-sZDJYM_=1234567890
2017/11/12 02:27:54.049-[XQBHServer.ServerAPI.JCZDHFX.exec:35]-[LOG_IO]-<<<<<<<<<<<<<<<<<<<<<<<<<<<<<<
2017/11/12 02:27:54.049-[XQBHServer.ServerTran.CommonTran.Comtran:45]-[LOG_IO]-JYM_UU=ZDLogin
2017/11/12 02:27:54.126-[XQBHServer.ServerTran.ZDLogin.exec:24]-[LOG_IO]->>>>>>>>>>>>>>>>>>>>>>>>>>>>>>
2017/11/12 02:27:54.126-[XQBHServer.ServerTran.ZDLogin.exec:25]-[LOG_IO]-ZDJYM_=1234567890
2017/11/12 02:27:54.126-[XQBHServer.ServerTran.ZDLogin.exec:26]-[LOG_IO]-ZDBH_U=ZD00000001
2017/11/12 02:27:54.135-[XQBHServer.ServerTran.ZDLogin.exec:53]-[LOG_DEBUG]-2
2017/11/12 02:27:54.135-[XQBHServer.ServerTran.ZDLogin.exec:54]-[LOG_IO]-<<<<<<<<<<<<<<<<<<<<<<<<<<<<<<
2017/11/12 02:27:54.165-[XQBHServer.ServerTran.CommonTran.getOut:85]-[LOG_IO]-XMLOut<?xml version="1.0" encoding="UTF-8"?>
<root><head type="java.util.Map"><HTJYM_>ZDLogin</HTJYM_><HTRQ_U>20171112</HTRQ_U><CWXX_U></CWXX_U><QTRQ_U>20171112</QTRQ_U><ZDBH_U>ZD00000001</ZDBH_U><IP_UUU>192.168.31.62</IP_UUU><HTLS_U></HTLS_U><QTLS_U>CZD0000000100003</QTLS_U><CWDM_U>AAAAAA</CWDM_U><ZDJYM_>1234567890</ZDJYM_><QTSJ_U>142753</QTSJ_U><QTJYM_>ZDLogin</QTJYM_></head><body type="java.util.Map"><re>哈哈哈</re></body></root>



2017/11/12 02:51:22.741-[XQBHServer.ServerTran.CommonTran.Comtran:28]-[LOG_IO]-flLogLV = [DEBUG] 
2017/11/12 02:51:22.742-[XQBHServer.ServerTran.CommonTran.Comtran:29]-[LOG_IO]-XMLIn=<?xml version="1.0" encoding="UTF-8"?>
<root><head type="java.util.Map"><HTJYM_>ZDLogin</HTJYM_><QTRQ_U>20171112</QTRQ_U><ZDBH_U>ZD00000001</ZDBH_U><IP_UUU>192.168.31.62</IP_UUU><QTLS_U>CZD0000000100004</QTLS_U><ZDJYM_>1234567890</ZDJYM_><QTSJ_U>145121</QTSJ_U><QTJYM_>ZDLogin</QTJYM_></head><body type="java.util.Map"/></root>
2017/11/12 02:51:22.776-[XQBHServer.ServerAPI.JCZDHFX.exec:19]-[LOG_IO]->>>>>>>>>>>>>>>>>>>>>>>>>>>>>>
2017/11/12 02:51:22.776-[XQBHServer.ServerAPI.JCZDHFX.exec:22]-[LOG_IO]-sZDBH_U=ZD00000001
2017/11/12 02:51:22.776-[XQBHServer.ServerAPI.JCZDHFX.exec:23]-[LOG_IO]-sZDJYM_=1234567890
2017/11/12 02:51:22.778-[XQBHServer.ServerAPI.JCZDHFX.exec:35]-[LOG_IO]-<<<<<<<<<<<<<<<<<<<<<<<<<<<<<<
2017/11/12 02:51:22.779-[XQBHServer.ServerTran.CommonTran.Comtran:45]-[LOG_IO]-JYM_UU=ZDLogin
2017/11/12 02:51:22.855-[XQBHServer.ServerTran.ZDLogin.exec:24]-[LOG_IO]->>>>>>>>>>>>>>>>>>>>>>>>>>>>>>
2017/11/12 02:51:22.855-[XQBHServer.ServerTran.ZDLogin.exec:25]-[LOG_IO]-ZDJYM_=1234567890
2017/11/12 02:51:22.855-[XQBHServer.ServerTran.ZDLogin.exec:26]-[LOG_IO]-ZDBH_U=ZD00000001
2017/11/12 02:51:22.863-[XQBHServer.ServerTran.ZDLogin.exec:53]-[LOG_DEBUG]-3
2017/11/12 02:51:22.863-[XQBHServer.ServerTran.ZDLogin.exec:54]-[LOG_IO]-<<<<<<<<<<<<<<<<<<<<<<<<<<<<<<
2017/11/12 02:51:22.882-[XQBHServer.ServerTran.CommonTran.getOut:85]-[LOG_IO]-XMLOut<?xml version="1.0" encoding="UTF-8"?>
<root><head type="java.util.Map"><HTJYM_>ZDLogin</HTJYM_><HTRQ_U>20171112</HTRQ_U><CWXX_U></CWXX_U><QTRQ_U>20171112</QTRQ_U><ZDBH_U>ZD00000001</ZDBH_U><IP_UUU>192.168.31.62</IP_UUU><HTLS_U></HTLS_U><QTLS_U>CZD0000000100004</QTLS_U><CWDM_U>AAAAAA</CWDM_U><ZDJYM_>1234567890</ZDJYM_><QTSJ_U>145121</QTSJ_U><QTJYM_>ZDLogin</QTJYM_></head><body type="java.util.Map"><re>哈哈哈</re></body></root>



2017/11/12 03:04:11.116-[XQBHServer.ServerTran.CommonTran.Comtran:28]-[LOG_IO]-flLogLV = [DEBUG] 
2017/11/12 03:04:11.117-[XQBHServer.ServerTran.CommonTran.Comtran:29]-[LOG_IO]-XMLIn=<?xml version="1.0" encoding="UTF-8"?>
<root><head type="java.util.Map"><HTJYM_>ZDLogin</HTJYM_><QTRQ_U>20171112</QTRQ_U><ZDBH_U>ZD00000001</ZDBH_U><IP_UUU>192.168.31.62</IP_UUU><QTLS_U>CZD0000000100005</QTLS_U><ZDJYM_>1234567890</ZDJYM_><QTSJ_U>150410</QTSJ_U><QTJYM_>ZDLogin</QTJYM_></head><body type="java.util.Map"/></root>
2017/11/12 03:04:11.156-[XQBHServer.ServerAPI.JCZDHFX.exec:19]-[LOG_IO]->>>>>>>>>>>>>>>>>>>>>>>>>>>>>>
2017/11/12 03:04:11.156-[XQBHServer.ServerAPI.JCZDHFX.exec:22]-[LOG_IO]-sZDBH_U=ZD00000001
2017/11/12 03:04:11.156-[XQBHServer.ServerAPI.JCZDHFX.exec:23]-[LOG_IO]-sZDJYM_=1234567890
2017/11/12 03:04:11.199-[XQBHServer.ServerAPI.JCZDHFX.exec:35]-[LOG_IO]-<<<<<<<<<<<<<<<<<<<<<<<<<<<<<<
2017/11/12 03:04:11.199-[XQBHServer.ServerTran.CommonTran.Comtran:45]-[LOG_IO]-JYM_UU=ZDLogin
2017/11/12 03:04:11.289-[XQBHServer.ServerTran.ZDLogin.exec:24]-[LOG_IO]->>>>>>>>>>>>>>>>>>>>>>>>>>>>>>
2017/11/12 03:04:11.289-[XQBHServer.ServerTran.ZDLogin.exec:25]-[LOG_IO]-ZDJYM_=1234567890
2017/11/12 03:04:11.289-[XQBHServer.ServerTran.ZDLogin.exec:26]-[LOG_IO]-ZDBH_U=ZD00000001
2017/11/12 03:04:11.298-[XQBHServer.ServerTran.ZDLogin.exec:53]-[LOG_DEBUG]-4
2017/11/12 03:04:11.298-[XQBHServer.ServerTran.ZDLogin.exec:54]-[LOG_IO]-<<<<<<<<<<<<<<<<<<<<<<<<<<<<<<
2017/11/12 03:04:11.327-[XQBHServer.ServerTran.CommonTran.getOut:85]-[LOG_IO]-XMLOut<?xml version="1.0" encoding="UTF-8"?>
<root><head type="java.util.Map"><HTJYM_>ZDLogin</HTJYM_><HTRQ_U>20171112</HTRQ_U><CWXX_U></CWXX_U><QTRQ_U>20171112</QTRQ_U><ZDBH_U>ZD00000001</ZDBH_U><IP_UUU>192.168.31.62</IP_UUU><HTLS_U></HTLS_U><QTLS_U>CZD0000000100005</QTLS_U><CWDM_U>AAAAAA</CWDM_U><ZDJYM_>1234567890</ZDJYM_><QTSJ_U>150410</QTSJ_U><QTJYM_>ZDLogin</QTJYM_></head><body type="java.util.Map"><re>哈哈哈</re></body></root>



2017/11/12 03:07:28.752-[XQBHServer.ServerTran.CommonTran.Comtran:28]-[LOG_IO]-flLogLV = [DEBUG] 
2017/11/12 03:07:28.752-[XQBHServer.ServerTran.CommonTran.Comtran:29]-[LOG_IO]-XMLIn=<?xml version="1.0" encoding="UTF-8"?>
<root><head type="java.util.Map"><HTJYM_>ZDLogin</HTJYM_><QTRQ_U>20171112</QTRQ_U><ZDBH_U>ZD00000001</ZDBH_U><IP_UUU>192.168.31.62</IP_UUU><QTLS_U>CZD0000000100006</QTLS_U><ZDJYM_>1234567890</ZDJYM_><QTSJ_U>150727</QTSJ_U><QTJYM_>ZDLogin</QTJYM_></head><body type="java.util.Map"/></root>
2017/11/12 03:07:28.784-[XQBHServer.ServerAPI.JCZDHFX.exec:19]-[LOG_IO]->>>>>>>>>>>>>>>>>>>>>>>>>>>>>>
2017/11/12 03:07:28.784-[XQBHServer.ServerAPI.JCZDHFX.exec:22]-[LOG_IO]-sZDBH_U=ZD00000001
2017/11/12 03:07:28.784-[XQBHServer.ServerAPI.JCZDHFX.exec:23]-[LOG_IO]-sZDJYM_=1234567890
2017/11/12 03:07:28.787-[XQBHServer.ServerAPI.JCZDHFX.exec:35]-[LOG_IO]-<<<<<<<<<<<<<<<<<<<<<<<<<<<<<<
2017/11/12 03:07:28.787-[XQBHServer.ServerTran.CommonTran.Comtran:45]-[LOG_IO]-JYM_UU=ZDLogin
2017/11/12 03:07:28.879-[XQBHServer.ServerTran.ZDLogin.exec:24]-[LOG_IO]->>>>>>>>>>>>>>>>>>>>>>>>>>>>>>
2017/11/12 03:07:28.879-[XQBHServer.ServerTran.ZDLogin.exec:25]-[LOG_IO]-ZDJYM_=1234567890
2017/11/12 03:07:28.879-[XQBHServer.ServerTran.ZDLogin.exec:26]-[LOG_IO]-ZDBH_U=ZD00000001
2017/11/12 03:07:28.888-[XQBHServer.ServerTran.ZDLogin.exec:53]-[LOG_DEBUG]-5
2017/11/12 03:07:28.888-[XQBHServer.ServerTran.ZDLogin.exec:54]-[LOG_IO]-<<<<<<<<<<<<<<<<<<<<<<<<<<<<<<
2017/11/12 03:07:28.916-[XQBHServer.ServerTran.CommonTran.getOut:85]-[LOG_IO]-XMLOut<?xml version="1.0" encoding="UTF-8"?>
<root><head type="java.util.Map"><HTJYM_>ZDLogin</HTJYM_><HTRQ_U>20171112</HTRQ_U><CWXX_U></CWXX_U><QTRQ_U>20171112</QTRQ_U><ZDBH_U>ZD00000001</ZDBH_U><IP_UUU>192.168.31.62</IP_UUU><HTLS_U></HTLS_U><QTLS_U>CZD0000000100006</QTLS_U><CWDM_U>AAAAAA</CWDM_U><ZDJYM_>1234567890</ZDJYM_><QTSJ_U>150727</QTSJ_U><QTJYM_>ZDLogin</QTJYM_></head><body type="java.util.Map"><re>哈哈哈</re></body></root>



2017/11/12 03:08:30.039-[XQBHServer.ServerTran.CommonTran.Comtran:28]-[LOG_IO]-flLogLV = [DEBUG] 
2017/11/12 03:08:30.039-[XQBHServer.ServerTran.CommonTran.Comtran:29]-[LOG_IO]-XMLIn=<?xml version="1.0" encoding="UTF-8"?>
<root><head type="java.util.Map"><HTJYM_>ZDLogin</HTJYM_><QTRQ_U>20171112</QTRQ_U><ZDBH_U>ZD00000001</ZDBH_U><IP_UUU>192.168.31.62</IP_UUU><QTLS_U>CZD0000000100007</QTLS_U><ZDJYM_>1234567890</ZDJYM_><QTSJ_U>150829</QTSJ_U><QTJYM_>ZDLogin</QTJYM_></head><body type="java.util.Map"/></root>
2017/11/12 03:08:30.133-[XQBHServer.ServerAPI.JCZDHFX.exec:19]-[LOG_IO]->>>>>>>>>>>>>>>>>>>>>>>>>>>>>>
2017/11/12 03:08:30.133-[XQBHServer.ServerAPI.JCZDHFX.exec:22]-[LOG_IO]-sZDBH_U=ZD00000001
2017/11/12 03:08:30.134-[XQBHServer.ServerAPI.JCZDHFX.exec:23]-[LOG_IO]-sZDJYM_=1234567890
2017/11/12 03:08:30.218-[XQBHServer.ServerAPI.JCZDHFX.exec:35]-[LOG_IO]-<<<<<<<<<<<<<<<<<<<<<<<<<<<<<<
2017/11/12 03:08:30.218-[XQBHServer.ServerTran.CommonTran.Comtran:45]-[LOG_IO]-JYM_UU=ZDLogin
2017/11/12 03:08:30.349-[XQBHServer.ServerTran.ZDLogin.exec:24]-[LOG_IO]->>>>>>>>>>>>>>>>>>>>>>>>>>>>>>
2017/11/12 03:08:30.349-[XQBHServer.ServerTran.ZDLogin.exec:25]-[LOG_IO]-ZDJYM_=1234567890
2017/11/12 03:08:30.350-[XQBHServer.ServerTran.ZDLogin.exec:26]-[LOG_IO]-ZDBH_U=ZD00000001
2017/11/12 03:08:30.357-[XQBHServer.ServerTran.ZDLogin.exec:53]-[LOG_DEBUG]-6
2017/11/12 03:08:30.357-[XQBHServer.ServerTran.ZDLogin.exec:54]-[LOG_IO]-<<<<<<<<<<<<<<<<<<<<<<<<<<<<<<
2017/11/12 03:08:30.390-[XQBHServer.ServerTran.CommonTran.getOut:85]-[LOG_IO]-XMLOut<?xml version="1.0" encoding="UTF-8"?>
<root><head type="java.util.Map"><HTJYM_>ZDLogin</HTJYM_><HTRQ_U>20171112</HTRQ_U><CWXX_U></CWXX_U><QTRQ_U>20171112</QTRQ_U><ZDBH_U>ZD00000001</ZDBH_U><IP_UUU>192.168.31.62</IP_UUU><HTLS_U></HTLS_U><QTLS_U>CZD0000000100007</QTLS_U><CWDM_U>AAAAAA</CWDM_U><ZDJYM_>1234567890</ZDJYM_><QTSJ_U>150829</QTSJ_U><QTJYM_>ZDLogin</QTJYM_></head><body type="java.util.Map"><re>哈哈哈</re></body></root>



2017/11/12 03:09:27.369-[XQBHServer.ServerTran.CommonTran.Comtran:28]-[LOG_IO]-flLogLV = [DEBUG] 
2017/11/12 03:09:27.369-[XQBHServer.ServerTran.CommonTran.Comtran:29]-[LOG_IO]-XMLIn=<?xml version="1.0" encoding="UTF-8"?>
<root><head type="java.util.Map"><HTJYM_>ZDLogin</HTJYM_><QTRQ_U>20171112</QTRQ_U><ZDBH_U>ZD00000001</ZDBH_U><IP_UUU>192.168.31.62</IP_UUU><QTLS_U>CZD0000000100008</QTLS_U><ZDJYM_>1234567890</ZDJYM_><QTSJ_U>150926</QTSJ_U><QTJYM_>ZDLogin</QTJYM_></head><body type="java.util.Map"/></root>
2017/11/12 03:09:27.399-[XQBHServer.ServerAPI.JCZDHFX.exec:19]-[LOG_IO]->>>>>>>>>>>>>>>>>>>>>>>>>>>>>>
2017/11/12 03:09:27.399-[XQBHServer.ServerAPI.JCZDHFX.exec:22]-[LOG_IO]-sZDBH_U=ZD00000001
2017/11/12 03:09:27.399-[XQBHServer.ServerAPI.JCZDHFX.exec:23]-[LOG_IO]-sZDJYM_=1234567890
2017/11/12 03:09:27.401-[XQBHServer.ServerAPI.JCZDHFX.exec:35]-[LOG_IO]-<<<<<<<<<<<<<<<<<<<<<<<<<<<<<<
2017/11/12 03:09:27.402-[XQBHServer.ServerTran.CommonTran.Comtran:45]-[LOG_IO]-JYM_UU=ZDLogin
2017/11/12 03:09:27.490-[XQBHServer.ServerTran.ZDLogin.exec:24]-[LOG_IO]->>>>>>>>>>>>>>>>>>>>>>>>>>>>>>
2017/11/12 03:09:27.490-[XQBHServer.ServerTran.ZDLogin.exec:25]-[LOG_IO]-ZDJYM_=1234567890
2017/11/12 03:09:27.491-[XQBHServer.ServerTran.ZDLogin.exec:26]-[LOG_IO]-ZDBH_U=ZD00000001
2017/11/12 03:09:27.499-[XQBHServer.ServerTran.ZDLogin.exec:53]-[LOG_DEBUG]-7
2017/11/12 03:09:27.499-[XQBHServer.ServerTran.ZDLogin.exec:54]-[LOG_IO]-<<<<<<<<<<<<<<<<<<<<<<<<<<<<<<
2017/11/12 03:09:27.526-[XQBHServer.ServerTran.CommonTran.getOut:85]-[LOG_IO]-XMLOut<?xml version="1.0" encoding="UTF-8"?>
<root><head type="java.util.Map"><HTJYM_>ZDLogin</HTJYM_><HTRQ_U>20171112</HTRQ_U><CWXX_U></CWXX_U><QTRQ_U>20171112</QTRQ_U><ZDBH_U>ZD00000001</ZDBH_U><IP_UUU>192.168.31.62</IP_UUU><HTLS_U></HTLS_U><QTLS_U>CZD0000000100008</QTLS_U><CWDM_U>AAAAAA</CWDM_U><ZDJYM_>1234567890</ZDJYM_><QTSJ_U>150926</QTSJ_U><QTJYM_>ZDLogin</QTJYM_></head><body type="java.util.Map"><re>哈哈哈</re></body></root>



2017/11/12 04:27:19.901-[XQBHServer.ServerTran.CommonTran.Comtran:28]-[LOG_IO]-flLogLV = [DEBUG] 
2017/11/12 04:27:19.901-[XQBHServer.ServerTran.CommonTran.Comtran:29]-[LOG_IO]-XMLIn=<?xml version="1.0" encoding="UTF-8"?>
<root><head type="java.util.Map"><HTJYM_>ZDLogin</HTJYM_><QTRQ_U>20171112</QTRQ_U><ZDBH_U>ZD00000001</ZDBH_U><IP_UUU>192.168.31.62</IP_UUU><QTLS_U>CZD0000000100009</QTLS_U><ZDJYM_>1234567890</ZDJYM_><QTSJ_U>162717</QTSJ_U><QTJYM_>ZDLogin</QTJYM_></head><body type="java.util.Map"/></root>
2017/11/12 04:27:19.961-[XQBHServer.ServerAPI.JCZDHFX.exec:19]-[LOG_IO]->>>>>>>>>>>>>>>>>>>>>>>>>>>>>>
2017/11/12 04:27:19.962-[XQBHServer.ServerAPI.JCZDHFX.exec:22]-[LOG_IO]-sZDBH_U=ZD00000001
2017/11/12 04:27:19.962-[XQBHServer.ServerAPI.JCZDHFX.exec:23]-[LOG_IO]-sZDJYM_=1234567890
2017/11/12 04:27:19.964-[XQBHServer.ServerAPI.JCZDHFX.exec:35]-[LOG_IO]-<<<<<<<<<<<<<<<<<<<<<<<<<<<<<<
2017/11/12 04:27:19.964-[XQBHServer.ServerTran.CommonTran.Comtran:45]-[LOG_IO]-JYM_UU=ZDLogin
2017/11/12 04:27:20.080-[XQBHServer.ServerTran.ZDLogin.exec:24]-[LOG_IO]->>>>>>>>>>>>>>>>>>>>>>>>>>>>>>
2017/11/12 04:27:20.080-[XQBHServer.ServerTran.ZDLogin.exec:25]-[LOG_IO]-ZDJYM_=1234567890
2017/11/12 04:27:20.080-[XQBHServer.ServerTran.ZDLogin.exec:26]-[LOG_IO]-ZDBH_U=ZD00000001
2017/11/12 04:27:20.089-[XQBHServer.ServerTran.ZDLogin.exec:53]-[LOG_DEBUG]-8
2017/11/12 04:27:20.089-[XQBHServer.ServerTran.ZDLogin.exec:54]-[LOG_IO]-<<<<<<<<<<<<<<<<<<<<<<<<<<<<<<
2017/11/12 04:27:20.125-[XQBHServer.ServerTran.CommonTran.getOut:85]-[LOG_IO]-XMLOut<?xml version="1.0" encoding="UTF-8"?>
<root><head type="java.util.Map"><HTJYM_>ZDLogin</HTJYM_><HTRQ_U>20171112</HTRQ_U><CWXX_U></CWXX_U><QTRQ_U>20171112</QTRQ_U><ZDBH_U>ZD00000001</ZDBH_U><IP_UUU>192.168.31.62</IP_UUU><HTLS_U></HTLS_U><QTLS_U>CZD0000000100009</QTLS_U><CWDM_U>AAAAAA</CWDM_U><ZDJYM_>1234567890</ZDJYM_><QTSJ_U>162717</QTSJ_U><QTJYM_>ZDLogin</QTJYM_></head><body type="java.util.Map"><re>哈哈哈</re></body></root>



2017/11/12 04:27:50.159-[XQBHServer.ServerTran.CommonTran.Comtran:28]-[LOG_IO]-flLogLV = [DEBUG] 
2017/11/12 04:27:50.160-[XQBHServer.ServerTran.CommonTran.Comtran:29]-[LOG_IO]-XMLIn=<?xml version="1.0" encoding="UTF-8"?>
<root><head type="java.util.Map"><HTJYM_>ZDLogin</HTJYM_><QTRQ_U>20171112</QTRQ_U><ZDBH_U>ZD00000001</ZDBH_U><IP_UUU>192.168.31.62</IP_UUU><QTLS_U>CZD0000000100010</QTLS_U><ZDJYM_>1234567890</ZDJYM_><QTSJ_U>162749</QTSJ_U><QTJYM_>ZDLogin</QTJYM_></head><body type="java.util.Map"/></root>
2017/11/12 04:27:50.201-[XQBHServer.ServerAPI.JCZDHFX.exec:19]-[LOG_IO]->>>>>>>>>>>>>>>>>>>>>>>>>>>>>>
2017/11/12 04:27:50.201-[XQBHServer.ServerAPI.JCZDHFX.exec:22]-[LOG_IO]-sZDBH_U=ZD00000001
2017/11/12 04:27:50.201-[XQBHServer.ServerAPI.JCZDHFX.exec:23]-[LOG_IO]-sZDJYM_=1234567890
2017/11/12 04:27:50.203-[XQBHServer.ServerAPI.JCZDHFX.exec:35]-[LOG_IO]-<<<<<<<<<<<<<<<<<<<<<<<<<<<<<<
2017/11/12 04:27:50.203-[XQBHServer.ServerTran.CommonTran.Comtran:45]-[LOG_IO]-JYM_UU=ZDLogin
2017/11/12 04:27:50.306-[XQBHServer.ServerTran.ZDLogin.exec:24]-[LOG_IO]->>>>>>>>>>>>>>>>>>>>>>>>>>>>>>
2017/11/12 04:27:50.306-[XQBHServer.ServerTran.ZDLogin.exec:25]-[LOG_IO]-ZDJYM_=1234567890
2017/11/12 04:27:50.306-[XQBHServer.ServerTran.ZDLogin.exec:26]-[LOG_IO]-ZDBH_U=ZD00000001
2017/11/12 04:27:50.319-[XQBHServer.ServerTran.ZDLogin.exec:53]-[LOG_DEBUG]-9
2017/11/12 04:27:50.319-[XQBHServer.ServerTran.ZDLogin.exec:54]-[LOG_IO]-<<<<<<<<<<<<<<<<<<<<<<<<<<<<<<
2017/11/12 04:27:50.341-[XQBHServer.ServerTran.CommonTran.getOut:85]-[LOG_IO]-XMLOut<?xml version="1.0" encoding="UTF-8"?>
<root><head type="java.util.Map"><HTJYM_>ZDLogin</HTJYM_><HTRQ_U>20171112</HTRQ_U><CWXX_U></CWXX_U><QTRQ_U>20171112</QTRQ_U><ZDBH_U>ZD00000001</ZDBH_U><IP_UUU>192.168.31.62</IP_UUU><HTLS_U></HTLS_U><QTLS_U>CZD0000000100010</QTLS_U><CWDM_U>AAAAAA</CWDM_U><ZDJYM_>1234567890</ZDJYM_><QTSJ_U>162749</QTSJ_U><QTJYM_>ZDLogin</QTJYM_></head><body type="java.util.Map"><re>哈哈哈</re></body></root>



2017/11/12 04:27:52.322-[XQBHServer.ServerTran.CommonTran.Comtran:28]-[LOG_IO]-flLogLV = [DEBUG] 
2017/11/12 04:27:52.322-[XQBHServer.ServerTran.CommonTran.Comtran:29]-[LOG_IO]-XMLIn=<?xml version="1.0" encoding="UTF-8"?>
<root><head type="java.util.Map"><HTJYM_>ZDLogin</HTJYM_><QTRQ_U>20171112</QTRQ_U><ZDBH_U>ZD00000001</ZDBH_U><IP_UUU>192.168.31.62</IP_UUU><QTLS_U>CZD0000000100011</QTLS_U><ZDJYM_>1234567890</ZDJYM_><QTSJ_U>162751</QTSJ_U><QTJYM_>ZDLogin</QTJYM_></head><body type="java.util.Map"/></root>
2017/11/12 04:27:52.351-[XQBHServer.ServerAPI.JCZDHFX.exec:19]-[LOG_IO]->>>>>>>>>>>>>>>>>>>>>>>>>>>>>>
2017/11/12 04:27:52.352-[XQBHServer.ServerAPI.JCZDHFX.exec:22]-[LOG_IO]-sZDBH_U=ZD00000001
2017/11/12 04:27:52.352-[XQBHServer.ServerAPI.JCZDHFX.exec:23]-[LOG_IO]-sZDJYM_=1234567890
2017/11/12 04:27:52.353-[XQBHServer.ServerAPI.JCZDHFX.exec:35]-[LOG_IO]-<<<<<<<<<<<<<<<<<<<<<<<<<<<<<<
2017/11/12 04:27:52.353-[XQBHServer.ServerTran.CommonTran.Comtran:45]-[LOG_IO]-JYM_UU=ZDLogin
2017/11/12 04:27:52.465-[XQBHServer.ServerTran.ZDLogin.exec:24]-[LOG_IO]->>>>>>>>>>>>>>>>>>>>>>>>>>>>>>
2017/11/12 04:27:52.465-[XQBHServer.ServerTran.ZDLogin.exec:25]-[LOG_IO]-ZDJYM_=1234567890
2017/11/12 04:27:52.466-[XQBHServer.ServerTran.ZDLogin.exec:26]-[LOG_IO]-ZDBH_U=ZD00000001
2017/11/12 04:27:52.475-[XQBHServer.ServerTran.ZDLogin.exec:53]-[LOG_DEBUG]-10
2017/11/12 04:27:52.475-[XQBHServer.ServerTran.ZDLogin.exec:54]-[LOG_IO]-<<<<<<<<<<<<<<<<<<<<<<<<<<<<<<
2017/11/12 04:27:52.643-[XQBHServer.ServerTran.CommonTran.getOut:85]-[LOG_IO]-XMLOut<?xml version="1.0" encoding="UTF-8"?>
<root><head type="java.util.Map"><HTJYM_>ZDLogin</HTJYM_><HTRQ_U>20171112</HTRQ_U><CWXX_U></CWXX_U><QTRQ_U>20171112</QTRQ_U><ZDBH_U>ZD00000001</ZDBH_U><IP_UUU>192.168.31.62</IP_UUU><HTLS_U></HTLS_U><QTLS_U>CZD0000000100011</QTLS_U><CWDM_U>AAAAAA</CWDM_U><ZDJYM_>1234567890</ZDJYM_><QTSJ_U>162751</QTSJ_U><QTJYM_>ZDLogin</QTJYM_></head><body type="java.util.Map"><re>哈哈哈</re></body></root>



2017/11/12 04:34:40.438-[XQBHServer.ServerTran.CommonTran.Comtran:28]-[LOG_IO]-flLogLV = [DEBUG] 
2017/11/12 04:34:40.438-[XQBHServer.ServerTran.CommonTran.Comtran:29]-[LOG_IO]-XMLIn=<?xml version="1.0" encoding="UTF-8"?>
<root><head type="java.util.Map"><HTJYM_>ZDLogin</HTJYM_><QTRQ_U>20171112</QTRQ_U><ZDBH_U>ZD00000001</ZDBH_U><IP_UUU>192.168.31.62</IP_UUU><QTLS_U>CZD0000000100012</QTLS_U><ZDJYM_>1234567890</ZDJYM_><QTSJ_U>163439</QTSJ_U><QTJYM_>ZDLogin</QTJYM_></head><body type="java.util.Map"/></root>
2017/11/12 04:34:40.493-[XQBHServer.ServerAPI.JCZDHFX.exec:19]-[LOG_IO]->>>>>>>>>>>>>>>>>>>>>>>>>>>>>>
2017/11/12 04:34:40.493-[XQBHServer.ServerAPI.JCZDHFX.exec:22]-[LOG_IO]-sZDBH_U=ZD00000001
2017/11/12 04:34:40.493-[XQBHServer.ServerAPI.JCZDHFX.exec:23]-[LOG_IO]-sZDJYM_=1234567890
2017/11/12 04:34:40.496-[XQBHServer.ServerAPI.JCZDHFX.exec:35]-[LOG_IO]-<<<<<<<<<<<<<<<<<<<<<<<<<<<<<<
2017/11/12 04:34:40.497-[XQBHServer.ServerTran.CommonTran.Comtran:45]-[LOG_IO]-JYM_UU=ZDLogin
2017/11/12 04:34:40.586-[XQBHServer.ServerTran.ZDLogin.exec:24]-[LOG_IO]->>>>>>>>>>>>>>>>>>>>>>>>>>>>>>
2017/11/12 04:34:40.587-[XQBHServer.ServerTran.ZDLogin.exec:25]-[LOG_IO]-ZDJYM_=1234567890
2017/11/12 04:34:40.587-[XQBHServer.ServerTran.ZDLogin.exec:26]-[LOG_IO]-ZDBH_U=ZD00000001
2017/11/12 04:34:40.596-[XQBHServer.ServerTran.ZDLogin.exec:53]-[LOG_DEBUG]-11
2017/11/12 04:34:40.596-[XQBHServer.ServerTran.ZDLogin.exec:54]-[LOG_IO]-<<<<<<<<<<<<<<<<<<<<<<<<<<<<<<
2017/11/12 04:34:40.617-[XQBHServer.ServerTran.CommonTran.getOut:85]-[LOG_IO]-XMLOut<?xml version="1.0" encoding="UTF-8"?>
<root><head type="java.util.Map"><HTJYM_>ZDLogin</HTJYM_><HTRQ_U>20171112</HTRQ_U><CWXX_U></CWXX_U><QTRQ_U>20171112</QTRQ_U><ZDBH_U>ZD00000001</ZDBH_U><IP_UUU>192.168.31.62</IP_UUU><HTLS_U></HTLS_U><QTLS_U>CZD0000000100012</QTLS_U><CWDM_U>AAAAAA</CWDM_U><ZDJYM_>1234567890</ZDJYM_><QTSJ_U>163439</QTSJ_U><QTJYM_>ZDLogin</QTJYM_></head><body type="java.util.Map"><re>哈哈哈</re></body></root>



2017/11/12 04:38:02.223-[XQBHServer.ServerTran.CommonTran.Comtran:28]-[LOG_IO]-flLogLV = [DEBUG] 
2017/11/12 04:38:02.223-[XQBHServer.ServerTran.CommonTran.Comtran:29]-[LOG_IO]-XMLIn=<?xml version="1.0" encoding="UTF-8"?>
<root><head type="java.util.Map"><HTJYM_>ZDLogin</HTJYM_><QTRQ_U>20171112</QTRQ_U><ZDBH_U>ZD00000001</ZDBH_U><IP_UUU>192.168.31.62</IP_UUU><QTLS_U>CZD0000000100013</QTLS_U><ZDJYM_>1234567890</ZDJYM_><QTSJ_U>163801</QTSJ_U><QTJYM_>ZDLogin</QTJYM_></head><body type="java.util.Map"/></root>
2017/11/12 04:38:02.259-[XQBHServer.ServerAPI.JCZDHFX.exec:19]-[LOG_IO]->>>>>>>>>>>>>>>>>>>>>>>>>>>>>>
2017/11/12 04:38:02.259-[XQBHServer.ServerAPI.JCZDHFX.exec:22]-[LOG_IO]-sZDBH_U=ZD00000001
2017/11/12 04:38:02.259-[XQBHServer.ServerAPI.JCZDHFX.exec:23]-[LOG_IO]-sZDJYM_=1234567890
2017/11/12 04:38:02.261-[XQBHServer.ServerAPI.JCZDHFX.exec:35]-[LOG_IO]-<<<<<<<<<<<<<<<<<<<<<<<<<<<<<<
2017/11/12 04:38:02.261-[XQBHServer.ServerTran.CommonTran.Comtran:45]-[LOG_IO]-JYM_UU=ZDLogin
2017/11/12 04:38:02.372-[XQBHServer.ServerTran.ZDLogin.exec:24]-[LOG_IO]->>>>>>>>>>>>>>>>>>>>>>>>>>>>>>
2017/11/12 04:38:02.372-[XQBHServer.ServerTran.ZDLogin.exec:25]-[LOG_IO]-ZDJYM_=1234567890
2017/11/12 04:38:02.372-[XQBHServer.ServerTran.ZDLogin.exec:26]-[LOG_IO]-ZDBH_U=ZD00000001
2017/11/12 04:38:02.382-[XQBHServer.ServerTran.ZDLogin.exec:53]-[LOG_DEBUG]-12
2017/11/12 04:38:02.383-[XQBHServer.ServerTran.ZDLogin.exec:54]-[LOG_IO]-<<<<<<<<<<<<<<<<<<<<<<<<<<<<<<
2017/11/12 04:38:02.414-[XQBHServer.ServerTran.CommonTran.getOut:85]-[LOG_IO]-XMLOut<?xml version="1.0" encoding="UTF-8"?>
<root><head type="java.util.Map"><HTJYM_>ZDLogin</HTJYM_><HTRQ_U>20171112</HTRQ_U><CWXX_U></CWXX_U><QTRQ_U>20171112</QTRQ_U><ZDBH_U>ZD00000001</ZDBH_U><IP_UUU>192.168.31.62</IP_UUU><HTLS_U></HTLS_U><QTLS_U>CZD0000000100013</QTLS_U><CWDM_U>AAAAAA</CWDM_U><ZDJYM_>1234567890</ZDJYM_><QTSJ_U>163801</QTSJ_U><QTJYM_>ZDLogin</QTJYM_></head><body type="java.util.Map"><re>哈哈哈</re></body></root>



2017/11/12 04:50:01.749-[XQBHServer.ServerTran.CommonTran.Comtran:28]-[LOG_IO]-flLogLV = [DEBUG] 
2017/11/12 04:50:01.749-[XQBHServer.ServerTran.CommonTran.Comtran:29]-[LOG_IO]-XMLIn=<?xml version="1.0" encoding="UTF-8"?>
<root><head type="java.util.Map"><HTJYM_>ZDLogin</HTJYM_><QTRQ_U>20171112</QTRQ_U><ZDBH_U>ZD00000001</ZDBH_U><IP_UUU>192.168.99.1</IP_UUU><QTLS_U>CZD0000000100001</QTLS_U><ZDJYM_>1234567890</ZDJYM_><QTSJ_U>164636</QTSJ_U><QTJYM_>ZDLogin</QTJYM_></head><body type="java.util.Map"/></root>
2017/11/12 04:50:01.779-[XQBHServer.ServerAPI.JCZDHFX.exec:19]-[LOG_IO]->>>>>>>>>>>>>>>>>>>>>>>>>>>>>>
2017/11/12 04:50:01.779-[XQBHServer.ServerAPI.JCZDHFX.exec:22]-[LOG_IO]-sZDBH_U=ZD00000001
2017/11/12 04:50:01.779-[XQBHServer.ServerAPI.JCZDHFX.exec:23]-[LOG_IO]-sZDJYM_=1234567890
2017/11/12 04:50:01.782-[XQBHServer.ServerAPI.JCZDHFX.exec:35]-[LOG_IO]-<<<<<<<<<<<<<<<<<<<<<<<<<<<<<<
2017/11/12 04:50:01.782-[XQBHServer.ServerTran.CommonTran.Comtran:45]-[LOG_IO]-JYM_UU=ZDLogin
2017/11/12 04:50:01.881-[XQBHServer.ServerTran.ZDLogin.exec:24]-[LOG_IO]->>>>>>>>>>>>>>>>>>>>>>>>>>>>>>
2017/11/12 04:50:01.881-[XQBHServer.ServerTran.ZDLogin.exec:25]-[LOG_IO]-ZDJYM_=1234567890
2017/11/12 04:50:01.881-[XQBHServer.ServerTran.ZDLogin.exec:26]-[LOG_IO]-ZDBH_U=ZD00000001
2017/11/12 04:50:01.889-[XQBHServer.ServerTran.ZDLogin.exec:53]-[LOG_DEBUG]-13
2017/11/12 04:50:01.889-[XQBHServer.ServerTran.ZDLogin.exec:54]-[LOG_IO]-<<<<<<<<<<<<<<<<<<<<<<<<<<<<<<
2017/11/12 04:50:01.910-[XQBHServer.ServerTran.CommonTran.getOut:85]-[LOG_IO]-XMLOut<?xml version="1.0" encoding="UTF-8"?>
<root><head type="java.util.Map"><HTJYM_>ZDLogin</HTJYM_><HTRQ_U>20171112</HTRQ_U><CWXX_U></CWXX_U><QTRQ_U>20171112</QTRQ_U><ZDBH_U>ZD00000001</ZDBH_U><IP_UUU>192.168.99.1</IP_UUU><HTLS_U></HTLS_U><QTLS_U>CZD0000000100001</QTLS_U><CWDM_U>AAAAAA</CWDM_U><ZDJYM_>1234567890</ZDJYM_><QTSJ_U>164636</QTSJ_U><QTJYM_>ZDLogin</QTJYM_></head><body type="java.util.Map"><re>哈哈哈</re></body></root>



2017/11/12 04:50:27.680-[XQBHServer.ServerTran.CommonTran.Comtran:28]-[LOG_IO]-flLogLV = [DEBUG] 
2017/11/12 04:50:27.681-[XQBHServer.ServerTran.CommonTran.Comtran:29]-[LOG_IO]-XMLIn=<?xml version="1.0" encoding="UTF-8"?>
<root><head type="java.util.Map"><HTJYM_>ZDLogin</HTJYM_><QTRQ_U>20171112</QTRQ_U><ZDBH_U>ZD00000001</ZDBH_U><IP_UUU>192.168.99.1</IP_UUU><QTLS_U>CZD0000000100002</QTLS_U><ZDJYM_>1234567890</ZDJYM_><QTSJ_U>164706</QTSJ_U><QTJYM_>ZDLogin</QTJYM_></head><body type="java.util.Map"/></root>
2017/11/12 04:50:27.683-[XQBHServer.ServerAPI.ComInit.exec:37]-[LOG_ERR]-org.apache.ibatis.exceptions.PersistenceException: 
### Error updating database.  Cause: com.mysql.jdbc.exceptions.jdbc4.MySQLIntegrityConstraintViolationException: Duplicate entry '9999-2017-11-12-CZD0000000100002' for key 'PRIMARY'
### The error may involve XQBHServer.Server.Table.Mapper.MJYBWMapper.insert-Inline
### The error occurred while setting parameters
### SQL: insert into mjybw (FRDM_U, QTRQ_U, QTLS_U,        QTJYM_, HTRQ_U, HTLS_U,        HTJYM_, SFRQ_U, SFLS_U,        SFJYM_, JYZT_U, CWDM_U,        CWXX_U, ZDBH_U, IP_UUU,        SJC_UU, JLZT_U, CRBW_U,        SFQQBW, SFFHBW, CCBW_U       )     values (?, ?, ?,        ?, ?, ?,        ?, ?, ?,        ?, ?, ?,        ?, ?, ?,        ?, ?, ?,        ?, ?, ?       )
### Cause: com.mysql.jdbc.exceptions.jdbc4.MySQLIntegrityConstraintViolationException: Duplicate entry '9999-2017-11-12-CZD0000000100002' for key 'PRIMARY'
2017/11/12 04:50:27.685-[XQBHServer.ServerTran.Tran.runERR:50]-[LOG_ERR]-rollback  tranObj.CWDM_U=  tranObj.CWXX_U插入报文表失败
2017/11/12 04:50:27.686-[XQBHServer.ServerTran.CommonTran.Comtran:37]-[LOG_SYS]-初始化失败
2017/11/12 04:50:27.688-[XQBHServer.ServerTran.CommonTran.getOut:85]-[LOG_IO]-XMLOut<?xml version="1.0" encoding="UTF-8"?>
<root><head type="java.util.Map"><HTJYM_>ZDLogin</HTJYM_><HTRQ_U>20171112</HTRQ_U><CWXX_U>插入报文表失败</CWXX_U><QTRQ_U>20171112</QTRQ_U><ZDBH_U>ZD00000001</ZDBH_U><IP_UUU>192.168.99.1</IP_UUU><HTLS_U></HTLS_U><QTLS_U>CZD0000000100002</QTLS_U><CWDM_U>ERR006</CWDM_U><ZDJYM_>1234567890</ZDJYM_><QTSJ_U>164706</QTSJ_U><QTJYM_>ZDLogin</QTJYM_></head><body type="java.util.Map"/></root>



2017/11/12 04:51:02.628-[XQBHServer.ServerTran.CommonTran.Comtran:28]-[LOG_IO]-flLogLV = [DEBUG] 
2017/11/12 04:51:02.628-[XQBHServer.ServerTran.CommonTran.Comtran:29]-[LOG_IO]-XMLIn=<?xml version="1.0" encoding="UTF-8"?>
<root><head type="java.util.Map"><HTJYM_>ZDLogin</HTJYM_><QTRQ_U>20171112</QTRQ_U><ZDBH_U>ZD00000001</ZDBH_U><IP_UUU>192.168.99.1</IP_UUU><QTLS_U>CZD0000000100003</QTLS_U><ZDJYM_>1234567890</ZDJYM_><QTSJ_U>164741</QTSJ_U><QTJYM_>ZDLogin</QTJYM_></head><body type="java.util.Map"/></root>
2017/11/12 04:51:02.630-[XQBHServer.ServerAPI.ComInit.exec:37]-[LOG_ERR]-org.apache.ibatis.exceptions.PersistenceException: 
### Error updating database.  Cause: com.mysql.jdbc.exceptions.jdbc4.MySQLIntegrityConstraintViolationException: Duplicate entry '9999-2017-11-12-CZD0000000100003' for key 'PRIMARY'
### The error may involve XQBHServer.Server.Table.Mapper.MJYBWMapper.insert-Inline
### The error occurred while setting parameters
### SQL: insert into mjybw (FRDM_U, QTRQ_U, QTLS_U,        QTJYM_, HTRQ_U, HTLS_U,        HTJYM_, SFRQ_U, SFLS_U,        SFJYM_, JYZT_U, CWDM_U,        CWXX_U, ZDBH_U, IP_UUU,        SJC_UU, JLZT_U, CRBW_U,        SFQQBW, SFFHBW, CCBW_U       )     values (?, ?, ?,        ?, ?, ?,        ?, ?, ?,        ?, ?, ?,        ?, ?, ?,        ?, ?, ?,        ?, ?, ?       )
### Cause: com.mysql.jdbc.exceptions.jdbc4.MySQLIntegrityConstraintViolationException: Duplicate entry '9999-2017-11-12-CZD0000000100003' for key 'PRIMARY'
2017/11/12 04:51:02.631-[XQBHServer.ServerTran.Tran.runERR:50]-[LOG_ERR]-rollback  tranObj.CWDM_U=  tranObj.CWXX_U插入报文表失败
2017/11/12 04:51:02.632-[XQBHServer.ServerTran.CommonTran.Comtran:37]-[LOG_SYS]-初始化失败
2017/11/12 04:51:02.634-[XQBHServer.ServerTran.CommonTran.getOut:85]-[LOG_IO]-XMLOut<?xml version="1.0" encoding="UTF-8"?>
<root><head type="java.util.Map"><HTJYM_>ZDLogin</HTJYM_><HTRQ_U>20171112</HTRQ_U><CWXX_U>插入报文表失败</CWXX_U><QTRQ_U>20171112</QTRQ_U><ZDBH_U>ZD00000001</ZDBH_U><IP_UUU>192.168.99.1</IP_UUU><HTLS_U></HTLS_U><QTLS_U>CZD0000000100003</QTLS_U><CWDM_U>ERR006</CWDM_U><ZDJYM_>1234567890</ZDJYM_><QTSJ_U>164741</QTSJ_U><QTJYM_>ZDLogin</QTJYM_></head><body type="java.util.Map"/></root>



2017/11/12 04:52:24.782-[XQBHServer.ServerTran.CommonTran.Comtran:28]-[LOG_IO]-flLogLV = [DEBUG] 
2017/11/12 04:52:24.782-[XQBHServer.ServerTran.CommonTran.Comtran:29]-[LOG_IO]-XMLIn=<?xml version="1.0" encoding="UTF-8"?>
<root><head type="java.util.Map"><HTJYM_>ZDLogin</HTJYM_><QTRQ_U>20171112</QTRQ_U><ZDBH_U>ZD00000001</ZDBH_U><IP_UUU>192.168.99.1</IP_UUU><QTLS_U>CZD0000000100004</QTLS_U><ZDJYM_>1234567890</ZDJYM_><QTSJ_U>164903</QTSJ_U><QTJYM_>ZDLogin</QTJYM_></head><body type="java.util.Map"/></root>
2017/11/12 04:52:24.783-[XQBHServer.ServerAPI.ComInit.exec:37]-[LOG_ERR]-org.apache.ibatis.exceptions.PersistenceException: 
### Error updating database.  Cause: com.mysql.jdbc.exceptions.jdbc4.MySQLIntegrityConstraintViolationException: Duplicate entry '9999-2017-11-12-CZD0000000100004' for key 'PRIMARY'
### The error may involve XQBHServer.Server.Table.Mapper.MJYBWMapper.insert-Inline
### The error occurred while setting parameters
### SQL: insert into mjybw (FRDM_U, QTRQ_U, QTLS_U,        QTJYM_, HTRQ_U, HTLS_U,        HTJYM_, SFRQ_U, SFLS_U,        SFJYM_, JYZT_U, CWDM_U,        CWXX_U, ZDBH_U, IP_UUU,        SJC_UU, JLZT_U, CRBW_U,        SFQQBW, SFFHBW, CCBW_U       )     values (?, ?, ?,        ?, ?, ?,        ?, ?, ?,        ?, ?, ?,        ?, ?, ?,        ?, ?, ?,        ?, ?, ?       )
### Cause: com.mysql.jdbc.exceptions.jdbc4.MySQLIntegrityConstraintViolationException: Duplicate entry '9999-2017-11-12-CZD0000000100004' for key 'PRIMARY'
2017/11/12 04:52:24.784-[XQBHServer.ServerTran.Tran.runERR:50]-[LOG_ERR]-rollback  tranObj.CWDM_U=  tranObj.CWXX_U插入报文表失败
2017/11/12 04:52:24.786-[XQBHServer.ServerTran.CommonTran.Comtran:37]-[LOG_SYS]-初始化失败
2017/11/12 04:52:24.787-[XQBHServer.ServerTran.CommonTran.getOut:85]-[LOG_IO]-XMLOut<?xml version="1.0" encoding="UTF-8"?>
<root><head type="java.util.Map"><HTJYM_>ZDLogin</HTJYM_><HTRQ_U>20171112</HTRQ_U><CWXX_U>插入报文表失败</CWXX_U><QTRQ_U>20171112</QTRQ_U><ZDBH_U>ZD00000001</ZDBH_U><IP_UUU>192.168.99.1</IP_UUU><HTLS_U></HTLS_U><QTLS_U>CZD0000000100004</QTLS_U><CWDM_U>ERR006</CWDM_U><ZDJYM_>1234567890</ZDJYM_><QTSJ_U>164903</QTSJ_U><QTJYM_>ZDLogin</QTJYM_></head><body type="java.util.Map"/></root>



2017/11/12 07:27:18.926-[XQBHServer.ServerTran.CommonTran.Comtran:28]-[LOG_IO]-flLogLV = [DEBUG] 
2017/11/12 07:27:18.926-[XQBHServer.ServerTran.CommonTran.Comtran:29]-[LOG_IO]-XMLIn=<?xml version="1.0" encoding="UTF-8"?>
<root><head type="java.util.Map"><HTJYM_>ZDLogin</HTJYM_><QTRQ_U>20171112</QTRQ_U><ZDBH_U>ZD00000001</ZDBH_U><IP_UUU>192.168.99.1</IP_UUU><QTLS_U>CZD0000000100005</QTLS_U><ZDJYM_>1234567890</ZDJYM_><QTSJ_U>192357</QTSJ_U><QTJYM_>ZDLogin</QTJYM_></head><body type="java.util.Map"/></root>
2017/11/12 07:27:18.927-[XQBHServer.ServerAPI.ComInit.exec:37]-[LOG_ERR]-org.apache.ibatis.exceptions.PersistenceException: 
### Error updating database.  Cause: com.mysql.jdbc.exceptions.jdbc4.MySQLIntegrityConstraintViolationException: Duplicate entry '9999-2017-11-12-CZD0000000100005' for key 'PRIMARY'
### The error may involve XQBHServer.Server.Table.Mapper.MJYBWMapper.insert-Inline
### The error occurred while setting parameters
### SQL: insert into mjybw (FRDM_U, QTRQ_U, QTLS_U,        QTJYM_, HTRQ_U, HTLS_U,        HTJYM_, SFRQ_U, SFLS_U,        SFJYM_, JYZT_U, CWDM_U,        CWXX_U, ZDBH_U, IP_UUU,        SJC_UU, JLZT_U, CRBW_U,        SFQQBW, SFFHBW, CCBW_U       )     values (?, ?, ?,        ?, ?, ?,        ?, ?, ?,        ?, ?, ?,        ?, ?, ?,        ?, ?, ?,        ?, ?, ?       )
### Cause: com.mysql.jdbc.exceptions.jdbc4.MySQLIntegrityConstraintViolationException: Duplicate entry '9999-2017-11-12-CZD0000000100005' for key 'PRIMARY'
2017/11/12 07:27:18.928-[XQBHServer.ServerTran.Tran.runERR:50]-[LOG_ERR]-rollback  tranObj.CWDM_U=  tranObj.CWXX_U插入报文表失败
2017/11/12 07:27:18.930-[XQBHServer.ServerTran.CommonTran.Comtran:37]-[LOG_SYS]-初始化失败
2017/11/12 07:27:18.931-[XQBHServer.ServerTran.CommonTran.getOut:85]-[LOG_IO]-XMLOut<?xml version="1.0" encoding="UTF-8"?>
<root><head type="java.util.Map"><HTJYM_>ZDLogin</HTJYM_><HTRQ_U>20171112</HTRQ_U><CWXX_U>插入报文表失败</CWXX_U><QTRQ_U>20171112</QTRQ_U><ZDBH_U>ZD00000001</ZDBH_U><IP_UUU>192.168.99.1</IP_UUU><HTLS_U></HTLS_U><QTLS_U>CZD0000000100005</QTLS_U><CWDM_U>ERR006</CWDM_U><ZDJYM_>1234567890</ZDJYM_><QTSJ_U>192357</QTSJ_U><QTJYM_>ZDLogin</QTJYM_></head><body type="java.util.Map"/></root>



2017/11/12 07:28:12.689-[XQBHServer.ServerTran.CommonTran.Comtran:28]-[LOG_IO]-flLogLV = [DEBUG] 
2017/11/12 07:28:12.690-[XQBHServer.ServerTran.CommonTran.Comtran:29]-[LOG_IO]-XMLIn=<?xml version="1.0" encoding="UTF-8"?>
<root><head type="java.util.Map"><HTJYM_>ZDLogin</HTJYM_><QTRQ_U>20171112</QTRQ_U><ZDBH_U>ZD00000001</ZDBH_U><IP_UUU>192.168.99.1</IP_UUU><QTLS_U>CZD0000000100006</QTLS_U><ZDJYM_>1234567890</ZDJYM_><QTSJ_U>192451</QTSJ_U><QTJYM_>ZDLogin</QTJYM_></head><body type="java.util.Map"/></root>
2017/11/12 07:28:12.691-[XQBHServer.ServerAPI.ComInit.exec:37]-[LOG_ERR]-org.apache.ibatis.exceptions.PersistenceException: 
### Error updating database.  Cause: com.mysql.jdbc.exceptions.jdbc4.MySQLIntegrityConstraintViolationException: Duplicate entry '9999-2017-11-12-CZD0000000100006' for key 'PRIMARY'
### The error may involve XQBHServer.Server.Table.Mapper.MJYBWMapper.insert-Inline
### The error occurred while setting parameters
### SQL: insert into mjybw (FRDM_U, QTRQ_U, QTLS_U,        QTJYM_, HTRQ_U, HTLS_U,        HTJYM_, SFRQ_U, SFLS_U,        SFJYM_, JYZT_U, CWDM_U,        CWXX_U, ZDBH_U, IP_UUU,        SJC_UU, JLZT_U, CRBW_U,        SFQQBW, SFFHBW, CCBW_U       )     values (?, ?, ?,        ?, ?, ?,        ?, ?, ?,        ?, ?, ?,        ?, ?, ?,        ?, ?, ?,        ?, ?, ?       )
### Cause: com.mysql.jdbc.exceptions.jdbc4.MySQLIntegrityConstraintViolationException: Duplicate entry '9999-2017-11-12-CZD0000000100006' for key 'PRIMARY'
2017/11/12 07:28:12.692-[XQBHServer.ServerTran.Tran.runERR:50]-[LOG_ERR]-rollback  tranObj.CWDM_U=  tranObj.CWXX_U插入报文表失败
2017/11/12 07:28:12.694-[XQBHServer.ServerTran.CommonTran.Comtran:37]-[LOG_SYS]-初始化失败
2017/11/12 07:28:12.696-[XQBHServer.ServerTran.CommonTran.getOut:85]-[LOG_IO]-XMLOut<?xml version="1.0" encoding="UTF-8"?>
<root><head type="java.util.Map"><HTJYM_>ZDLogin</HTJYM_><HTRQ_U>20171112</HTRQ_U><CWXX_U>插入报文表失败</CWXX_U><QTRQ_U>20171112</QTRQ_U><ZDBH_U>ZD00000001</ZDBH_U><IP_UUU>192.168.99.1</IP_UUU><HTLS_U></HTLS_U><QTLS_U>CZD0000000100006</QTLS_U><CWDM_U>ERR006</CWDM_U><ZDJYM_>1234567890</ZDJYM_><QTSJ_U>192451</QTSJ_U><QTJYM_>ZDLogin</QTJYM_></head><body type="java.util.Map"/></root>



2017/11/12 07:29:34.686-[XQBHServer.ServerTran.CommonTran.Comtran:28]-[LOG_IO]-flLogLV = [DEBUG] 
2017/11/12 07:29:34.686-[XQBHServer.ServerTran.CommonTran.Comtran:29]-[LOG_IO]-XMLIn=<?xml version="1.0" encoding="UTF-8"?>
<root><head type="java.util.Map"><HTJYM_>ZDLogin</HTJYM_><QTRQ_U>20171112</QTRQ_U><ZDBH_U>ZD00000001</ZDBH_U><IP_UUU>192.168.99.1</IP_UUU><QTLS_U>CZD0000000100007</QTLS_U><ZDJYM_>1234567890</ZDJYM_><QTSJ_U>192612</QTSJ_U><QTJYM_>ZDLogin</QTJYM_></head><body type="java.util.Map"/></root>
2017/11/12 07:29:34.687-[XQBHServer.ServerAPI.ComInit.exec:37]-[LOG_ERR]-org.apache.ibatis.exceptions.PersistenceException: 
### Error updating database.  Cause: com.mysql.jdbc.exceptions.jdbc4.MySQLIntegrityConstraintViolationException: Duplicate entry '9999-2017-11-12-CZD0000000100007' for key 'PRIMARY'
### The error may involve XQBHServer.Server.Table.Mapper.MJYBWMapper.insert-Inline
### The error occurred while setting parameters
### SQL: insert into mjybw (FRDM_U, QTRQ_U, QTLS_U,        QTJYM_, HTRQ_U, HTLS_U,        HTJYM_, SFRQ_U, SFLS_U,        SFJYM_, JYZT_U, CWDM_U,        CWXX_U, ZDBH_U, IP_UUU,        SJC_UU, JLZT_U, CRBW_U,        SFQQBW, SFFHBW, CCBW_U       )     values (?, ?, ?,        ?, ?, ?,        ?, ?, ?,        ?, ?, ?,        ?, ?, ?,        ?, ?, ?,        ?, ?, ?       )
### Cause: com.mysql.jdbc.exceptions.jdbc4.MySQLIntegrityConstraintViolationException: Duplicate entry '9999-2017-11-12-CZD0000000100007' for key 'PRIMARY'
2017/11/12 07:29:34.688-[XQBHServer.ServerTran.Tran.runERR:50]-[LOG_ERR]-rollback  tranObj.CWDM_U=  tranObj.CWXX_U插入报文表失败
2017/11/12 07:29:34.689-[XQBHServer.ServerTran.CommonTran.Comtran:37]-[LOG_SYS]-初始化失败
2017/11/12 07:29:34.691-[XQBHServer.ServerTran.CommonTran.getOut:85]-[LOG_IO]-XMLOut<?xml version="1.0" encoding="UTF-8"?>
<root><head type="java.util.Map"><HTJYM_>ZDLogin</HTJYM_><HTRQ_U>20171112</HTRQ_U><CWXX_U>插入报文表失败</CWXX_U><QTRQ_U>20171112</QTRQ_U><ZDBH_U>ZD00000001</ZDBH_U><IP_UUU>192.168.99.1</IP_UUU><HTLS_U></HTLS_U><QTLS_U>CZD0000000100007</QTLS_U><CWDM_U>ERR006</CWDM_U><ZDJYM_>1234567890</ZDJYM_><QTSJ_U>192612</QTSJ_U><QTJYM_>ZDLogin</QTJYM_></head><body type="java.util.Map"/></root>



2017/11/12 07:30:14.020-[XQBHServer.ServerTran.CommonTran.Comtran:28]-[LOG_IO]-flLogLV = [DEBUG] 
2017/11/12 07:30:14.021-[XQBHServer.ServerTran.CommonTran.Comtran:29]-[LOG_IO]-XMLIn=<?xml version="1.0" encoding="UTF-8"?>
<root><head type="java.util.Map"><HTJYM_>ZDLogin</HTJYM_><QTRQ_U>20171112</QTRQ_U><ZDBH_U>ZD00000001</ZDBH_U><IP_UUU>192.168.99.1</IP_UUU><QTLS_U>CZD0000000100008</QTLS_U><ZDJYM_>1234567890</ZDJYM_><QTSJ_U>192652</QTSJ_U><QTJYM_>ZDLogin</QTJYM_></head><body type="java.util.Map"/></root>
2017/11/12 07:30:14.022-[XQBHServer.ServerAPI.ComInit.exec:37]-[LOG_ERR]-org.apache.ibatis.exceptions.PersistenceException: 
### Error updating database.  Cause: com.mysql.jdbc.exceptions.jdbc4.MySQLIntegrityConstraintViolationException: Duplicate entry '9999-2017-11-12-CZD0000000100008' for key 'PRIMARY'
### The error may involve XQBHServer.Server.Table.Mapper.MJYBWMapper.insert-Inline
### The error occurred while setting parameters
### SQL: insert into mjybw (FRDM_U, QTRQ_U, QTLS_U,        QTJYM_, HTRQ_U, HTLS_U,        HTJYM_, SFRQ_U, SFLS_U,        SFJYM_, JYZT_U, CWDM_U,        CWXX_U, ZDBH_U, IP_UUU,        SJC_UU, JLZT_U, CRBW_U,        SFQQBW, SFFHBW, CCBW_U       )     values (?, ?, ?,        ?, ?, ?,        ?, ?, ?,        ?, ?, ?,        ?, ?, ?,        ?, ?, ?,        ?, ?, ?       )
### Cause: com.mysql.jdbc.exceptions.jdbc4.MySQLIntegrityConstraintViolationException: Duplicate entry '9999-2017-11-12-CZD0000000100008' for key 'PRIMARY'
2017/11/12 07:30:14.023-[XQBHServer.ServerTran.Tran.runERR:50]-[LOG_ERR]-rollback  tranObj.CWDM_U=  tranObj.CWXX_U插入报文表失败
2017/11/12 07:30:14.025-[XQBHServer.ServerTran.CommonTran.Comtran:37]-[LOG_SYS]-初始化失败
2017/11/12 07:30:14.027-[XQBHServer.ServerTran.CommonTran.getOut:85]-[LOG_IO]-XMLOut<?xml version="1.0" encoding="UTF-8"?>
<root><head type="java.util.Map"><HTJYM_>ZDLogin</HTJYM_><HTRQ_U>20171112</HTRQ_U><CWXX_U>插入报文表失败</CWXX_U><QTRQ_U>20171112</QTRQ_U><ZDBH_U>ZD00000001</ZDBH_U><IP_UUU>192.168.99.1</IP_UUU><HTLS_U></HTLS_U><QTLS_U>CZD0000000100008</QTLS_U><CWDM_U>ERR006</CWDM_U><ZDJYM_>1234567890</ZDJYM_><QTSJ_U>192652</QTSJ_U><QTJYM_>ZDLogin</QTJYM_></head><body type="java.util.Map"/></root>



2017/11/12 07:31:59.203-[XQBHServer.ServerTran.CommonTran.Comtran:28]-[LOG_IO]-flLogLV = [DEBUG] 
2017/11/12 07:31:59.203-[XQBHServer.ServerTran.CommonTran.Comtran:29]-[LOG_IO]-XMLIn=<?xml version="1.0" encoding="UTF-8"?>
<root><head type="java.util.Map"><HTJYM_>ZDLogin</HTJYM_><QTRQ_U>20171112</QTRQ_U><ZDBH_U>ZD00000001</ZDBH_U><IP_UUU>192.168.99.1</IP_UUU><QTLS_U>CZD0000000100009</QTLS_U><ZDJYM_>1234567890</ZDJYM_><QTSJ_U>192837</QTSJ_U><QTJYM_>ZDLogin</QTJYM_></head><body type="java.util.Map"/></root>
2017/11/12 07:31:59.205-[XQBHServer.ServerAPI.ComInit.exec:37]-[LOG_ERR]-org.apache.ibatis.exceptions.PersistenceException: 
### Error updating database.  Cause: com.mysql.jdbc.exceptions.jdbc4.MySQLIntegrityConstraintViolationException: Duplicate entry '9999-2017-11-12-CZD0000000100009' for key 'PRIMARY'
### The error may involve XQBHServer.Server.Table.Mapper.MJYBWMapper.insert-Inline
### The error occurred while setting parameters
### SQL: insert into mjybw (FRDM_U, QTRQ_U, QTLS_U,        QTJYM_, HTRQ_U, HTLS_U,        HTJYM_, SFRQ_U, SFLS_U,        SFJYM_, JYZT_U, CWDM_U,        CWXX_U, ZDBH_U, IP_UUU,        SJC_UU, JLZT_U, CRBW_U,        SFQQBW, SFFHBW, CCBW_U       )     values (?, ?, ?,        ?, ?, ?,        ?, ?, ?,        ?, ?, ?,        ?, ?, ?,        ?, ?, ?,        ?, ?, ?       )
### Cause: com.mysql.jdbc.exceptions.jdbc4.MySQLIntegrityConstraintViolationException: Duplicate entry '9999-2017-11-12-CZD0000000100009' for key 'PRIMARY'
2017/11/12 07:31:59.206-[XQBHServer.ServerTran.Tran.runERR:50]-[LOG_ERR]-rollback  tranObj.CWDM_U=  tranObj.CWXX_U插入报文表失败
2017/11/12 07:31:59.207-[XQBHServer.ServerTran.CommonTran.Comtran:37]-[LOG_SYS]-初始化失败
2017/11/12 07:31:59.209-[XQBHServer.ServerTran.CommonTran.getOut:85]-[LOG_IO]-XMLOut<?xml version="1.0" encoding="UTF-8"?>
<root><head type="java.util.Map"><HTJYM_>ZDLogin</HTJYM_><HTRQ_U>20171112</HTRQ_U><CWXX_U>插入报文表失败</CWXX_U><QTRQ_U>20171112</QTRQ_U><ZDBH_U>ZD00000001</ZDBH_U><IP_UUU>192.168.99.1</IP_UUU><HTLS_U></HTLS_U><QTLS_U>CZD0000000100009</QTLS_U><CWDM_U>ERR006</CWDM_U><ZDJYM_>1234567890</ZDJYM_><QTSJ_U>192837</QTSJ_U><QTJYM_>ZDLogin</QTJYM_></head><body type="java.util.Map"/></root>



2017/11/12 07:33:15.308-[XQBHServer.ServerTran.CommonTran.Comtran:28]-[LOG_IO]-flLogLV = [DEBUG] 
2017/11/12 07:33:15.309-[XQBHServer.ServerTran.CommonTran.Comtran:29]-[LOG_IO]-XMLIn=<?xml version="1.0" encoding="UTF-8"?>
<root><head type="java.util.Map"><HTJYM_>ZDLogin</HTJYM_><QTRQ_U>20171112</QTRQ_U><ZDBH_U>ZD00000001</ZDBH_U><IP_UUU>192.168.99.1</IP_UUU><QTLS_U>CZD0000000100010</QTLS_U><ZDJYM_>1234567890</ZDJYM_><QTSJ_U>192953</QTSJ_U><QTJYM_>ZDLogin</QTJYM_></head><body type="java.util.Map"/></root>
2017/11/12 07:33:15.310-[XQBHServer.ServerAPI.ComInit.exec:37]-[LOG_ERR]-org.apache.ibatis.exceptions.PersistenceException: 
### Error updating database.  Cause: com.mysql.jdbc.exceptions.jdbc4.MySQLIntegrityConstraintViolationException: Duplicate entry '9999-2017-11-12-CZD0000000100010' for key 'PRIMARY'
### The error may involve XQBHServer.Server.Table.Mapper.MJYBWMapper.insert-Inline
### The error occurred while setting parameters
### SQL: insert into mjybw (FRDM_U, QTRQ_U, QTLS_U,        QTJYM_, HTRQ_U, HTLS_U,        HTJYM_, SFRQ_U, SFLS_U,        SFJYM_, JYZT_U, CWDM_U,        CWXX_U, ZDBH_U, IP_UUU,        SJC_UU, JLZT_U, CRBW_U,        SFQQBW, SFFHBW, CCBW_U       )     values (?, ?, ?,        ?, ?, ?,        ?, ?, ?,        ?, ?, ?,        ?, ?, ?,        ?, ?, ?,        ?, ?, ?       )
### Cause: com.mysql.jdbc.exceptions.jdbc4.MySQLIntegrityConstraintViolationException: Duplicate entry '9999-2017-11-12-CZD0000000100010' for key 'PRIMARY'
2017/11/12 07:33:15.312-[XQBHServer.ServerTran.Tran.runERR:50]-[LOG_ERR]-rollback  tranObj.CWDM_U=  tranObj.CWXX_U插入报文表失败
2017/11/12 07:33:15.313-[XQBHServer.ServerTran.CommonTran.Comtran:37]-[LOG_SYS]-初始化失败
2017/11/12 07:33:15.314-[XQBHServer.ServerTran.CommonTran.getOut:85]-[LOG_IO]-XMLOut<?xml version="1.0" encoding="UTF-8"?>
<root><head type="java.util.Map"><HTJYM_>ZDLogin</HTJYM_><HTRQ_U>20171112</HTRQ_U><CWXX_U>插入报文表失败</CWXX_U><QTRQ_U>20171112</QTRQ_U><ZDBH_U>ZD00000001</ZDBH_U><IP_UUU>192.168.99.1</IP_UUU><HTLS_U></HTLS_U><QTLS_U>CZD0000000100010</QTLS_U><CWDM_U>ERR006</CWDM_U><ZDJYM_>1234567890</ZDJYM_><QTSJ_U>192953</QTSJ_U><QTJYM_>ZDLogin</QTJYM_></head><body type="java.util.Map"/></root>



2017/11/12 07:37:22.798-[XQBHServer.ServerTran.CommonTran.Comtran:28]-[LOG_IO]-flLogLV = [DEBUG] 
2017/11/12 07:37:22.798-[XQBHServer.ServerTran.CommonTran.Comtran:29]-[LOG_IO]-XMLIn=<?xml version="1.0" encoding="UTF-8"?>
<root><head type="java.util.Map"><HTJYM_>ZDLogin</HTJYM_><QTRQ_U>20171112</QTRQ_U><ZDBH_U>ZD00000001</ZDBH_U><IP_UUU>192.168.99.1</IP_UUU><QTLS_U>CZD0000000100011</QTLS_U><ZDJYM_>1234567890</ZDJYM_><QTSJ_U>193401</QTSJ_U><QTJYM_>ZDLogin</QTJYM_></head><body type="java.util.Map"/></root>
2017/11/12 07:37:22.799-[XQBHServer.ServerAPI.ComInit.exec:37]-[LOG_ERR]-org.apache.ibatis.exceptions.PersistenceException: 
### Error updating database.  Cause: com.mysql.jdbc.exceptions.jdbc4.MySQLIntegrityConstraintViolationException: Duplicate entry '9999-2017-11-12-CZD0000000100011' for key 'PRIMARY'
### The error may involve XQBHServer.Server.Table.Mapper.MJYBWMapper.insert-Inline
### The error occurred while setting parameters
### SQL: insert into mjybw (FRDM_U, QTRQ_U, QTLS_U,        QTJYM_, HTRQ_U, HTLS_U,        HTJYM_, SFRQ_U, SFLS_U,        SFJYM_, JYZT_U, CWDM_U,        CWXX_U, ZDBH_U, IP_UUU,        SJC_UU, JLZT_U, CRBW_U,        SFQQBW, SFFHBW, CCBW_U       )     values (?, ?, ?,        ?, ?, ?,        ?, ?, ?,        ?, ?, ?,        ?, ?, ?,        ?, ?, ?,        ?, ?, ?       )
### Cause: com.mysql.jdbc.exceptions.jdbc4.MySQLIntegrityConstraintViolationException: Duplicate entry '9999-2017-11-12-CZD0000000100011' for key 'PRIMARY'
2017/11/12 07:37:22.800-[XQBHServer.ServerTran.Tran.runERR:50]-[LOG_ERR]-rollback  tranObj.CWDM_U=  tranObj.CWXX_U插入报文表失败
2017/11/12 07:37:22.801-[XQBHServer.ServerTran.CommonTran.Comtran:37]-[LOG_SYS]-初始化失败
2017/11/12 07:37:22.803-[XQBHServer.ServerTran.CommonTran.getOut:85]-[LOG_IO]-XMLOut<?xml version="1.0" encoding="UTF-8"?>
<root><head type="java.util.Map"><HTJYM_>ZDLogin</HTJYM_><HTRQ_U>20171112</HTRQ_U><CWXX_U>插入报文表失败</CWXX_U><QTRQ_U>20171112</QTRQ_U><ZDBH_U>ZD00000001</ZDBH_U><IP_UUU>192.168.99.1</IP_UUU><HTLS_U></HTLS_U><QTLS_U>CZD0000000100011</QTLS_U><CWDM_U>ERR006</CWDM_U><ZDJYM_>1234567890</ZDJYM_><QTSJ_U>193401</QTSJ_U><QTJYM_>ZDLogin</QTJYM_></head><body type="java.util.Map"/></root>



2017/11/12 07:46:42.994-[XQBHServer.ServerTran.CommonTran.Comtran:28]-[LOG_IO]-flLogLV = [DEBUG] 
2017/11/12 07:46:42.995-[XQBHServer.ServerTran.CommonTran.Comtran:29]-[LOG_IO]-XMLIn=<?xml version="1.0" encoding="UTF-8"?>
<root><head type="java.util.Map"><HTJYM_>ZDLogin</HTJYM_><QTRQ_U>20171112</QTRQ_U><ZDBH_U>ZD00000001</ZDBH_U><IP_UUU>192.168.99.1</IP_UUU><QTLS_U>CZD0000000100012</QTLS_U><ZDJYM_>1234567890</ZDJYM_><QTSJ_U>194321</QTSJ_U><QTJYM_>ZDLogin</QTJYM_></head><body type="java.util.Map"/></root>
2017/11/12 07:46:42.996-[XQBHServer.ServerAPI.ComInit.exec:37]-[LOG_ERR]-org.apache.ibatis.exceptions.PersistenceException: 
### Error updating database.  Cause: com.mysql.jdbc.exceptions.jdbc4.MySQLIntegrityConstraintViolationException: Duplicate entry '9999-2017-11-12-CZD0000000100012' for key 'PRIMARY'
### The error may involve XQBHServer.Server.Table.Mapper.MJYBWMapper.insert-Inline
### The error occurred while setting parameters
### SQL: insert into mjybw (FRDM_U, QTRQ_U, QTLS_U,        QTJYM_, HTRQ_U, HTLS_U,        HTJYM_, SFRQ_U, SFLS_U,        SFJYM_, JYZT_U, CWDM_U,        CWXX_U, ZDBH_U, IP_UUU,        SJC_UU, JLZT_U, CRBW_U,        SFQQBW, SFFHBW, CCBW_U       )     values (?, ?, ?,        ?, ?, ?,        ?, ?, ?,        ?, ?, ?,        ?, ?, ?,        ?, ?, ?,        ?, ?, ?       )
### Cause: com.mysql.jdbc.exceptions.jdbc4.MySQLIntegrityConstraintViolationException: Duplicate entry '9999-2017-11-12-CZD0000000100012' for key 'PRIMARY'
2017/11/12 07:46:42.997-[XQBHServer.ServerTran.Tran.runERR:50]-[LOG_ERR]-rollback  tranObj.CWDM_U=  tranObj.CWXX_U插入报文表失败
2017/11/12 07:46:42.998-[XQBHServer.ServerTran.CommonTran.Comtran:37]-[LOG_SYS]-初始化失败
2017/11/12 07:46:43.000-[XQBHServer.ServerTran.CommonTran.getOut:85]-[LOG_IO]-XMLOut<?xml version="1.0" encoding="UTF-8"?>
<root><head type="java.util.Map"><HTJYM_>ZDLogin</HTJYM_><HTRQ_U>20171112</HTRQ_U><CWXX_U>插入报文表失败</CWXX_U><QTRQ_U>20171112</QTRQ_U><ZDBH_U>ZD00000001</ZDBH_U><IP_UUU>192.168.99.1</IP_UUU><HTLS_U></HTLS_U><QTLS_U>CZD0000000100012</QTLS_U><CWDM_U>ERR006</CWDM_U><ZDJYM_>1234567890</ZDJYM_><QTSJ_U>194321</QTSJ_U><QTJYM_>ZDLogin</QTJYM_></head><body type="java.util.Map"/></root>



2017/11/12 08:12:32.957-[XQBHServer.ServerTran.CommonTran.Comtran:28]-[LOG_IO]-flLogLV = [DEBUG] 
2017/11/12 08:12:32.957-[XQBHServer.ServerTran.CommonTran.Comtran:29]-[LOG_IO]-XMLIn=<?xml version="1.0" encoding="UTF-8"?>
<root><head type="java.util.Map"><HTJYM_>ZDLogin</HTJYM_><QTRQ_U>20171112</QTRQ_U><ZDBH_U>ZD00000001</ZDBH_U><IP_UUU>192.168.31.62</IP_UUU><QTLS_U>CZD0000000100014</QTLS_U><ZDJYM_>1234567890</ZDJYM_><QTSJ_U>201232</QTSJ_U><QTJYM_>ZDLogin</QTJYM_></head><body type="java.util.Map"/></root>
2017/11/12 08:12:32.984-[XQBHServer.ServerAPI.JCZDHFX.exec:19]-[LOG_IO]->>>>>>>>>>>>>>>>>>>>>>>>>>>>>>
2017/11/12 08:12:32.984-[XQBHServer.ServerAPI.JCZDHFX.exec:22]-[LOG_IO]-sZDBH_U=ZD00000001
2017/11/12 08:12:32.984-[XQBHServer.ServerAPI.JCZDHFX.exec:23]-[LOG_IO]-sZDJYM_=1234567890
2017/11/12 08:12:32.987-[XQBHServer.ServerAPI.JCZDHFX.exec:35]-[LOG_IO]-<<<<<<<<<<<<<<<<<<<<<<<<<<<<<<
2017/11/12 08:12:32.987-[XQBHServer.ServerTran.CommonTran.Comtran:45]-[LOG_IO]-JYM_UU=ZDLogin
2017/11/12 08:12:33.073-[XQBHServer.ServerTran.ZDLogin.exec:24]-[LOG_IO]->>>>>>>>>>>>>>>>>>>>>>>>>>>>>>
2017/11/12 08:12:33.073-[XQBHServer.ServerTran.ZDLogin.exec:25]-[LOG_IO]-ZDJYM_=1234567890
2017/11/12 08:12:33.073-[XQBHServer.ServerTran.ZDLogin.exec:26]-[LOG_IO]-ZDBH_U=ZD00000001
2017/11/12 08:12:33.082-[XQBHServer.ServerTran.ZDLogin.exec:53]-[LOG_DEBUG]-14
2017/11/12 08:12:33.082-[XQBHServer.ServerTran.ZDLogin.exec:54]-[LOG_IO]-<<<<<<<<<<<<<<<<<<<<<<<<<<<<<<
2017/11/12 08:12:33.108-[XQBHServer.ServerTran.CommonTran.getOut:85]-[LOG_IO]-XMLOut<?xml version="1.0" encoding="UTF-8"?>
<root><head type="java.util.Map"><HTJYM_>ZDLogin</HTJYM_><HTRQ_U>20171112</HTRQ_U><CWXX_U></CWXX_U><QTRQ_U>20171112</QTRQ_U><ZDBH_U>ZD00000001</ZDBH_U><IP_UUU>192.168.31.62</IP_UUU><HTLS_U></HTLS_U><QTLS_U>CZD0000000100014</QTLS_U><CWDM_U>AAAAAA</CWDM_U><ZDJYM_>1234567890</ZDJYM_><QTSJ_U>201232</QTSJ_U><QTJYM_>ZDLogin</QTJYM_></head><body type="java.util.Map"><re>哈哈哈</re></body></root>



2017/11/12 08:13:04.970-[XQBHServer.ServerTran.CommonTran.Comtran:28]-[LOG_IO]-flLogLV = [DEBUG] 
2017/11/12 08:13:04.970-[XQBHServer.ServerTran.CommonTran.Comtran:29]-[LOG_IO]-XMLIn=<?xml version="1.0" encoding="UTF-8"?>
<root><head type="java.util.Map"><HTJYM_>ZDLogin</HTJYM_><QTRQ_U>20171112</QTRQ_U><ZDBH_U>ZD00000001</ZDBH_U><IP_UUU>192.168.31.62</IP_UUU><QTLS_U>CZD0000000100015</QTLS_U><ZDJYM_>1234567890</ZDJYM_><QTSJ_U>201304</QTSJ_U><QTJYM_>ZDLogin</QTJYM_></head><body type="java.util.Map"/></root>
2017/11/12 08:13:05.000-[XQBHServer.ServerAPI.JCZDHFX.exec:19]-[LOG_IO]->>>>>>>>>>>>>>>>>>>>>>>>>>>>>>
2017/11/12 08:13:05.000-[XQBHServer.ServerAPI.JCZDHFX.exec:22]-[LOG_IO]-sZDBH_U=ZD00000001
2017/11/12 08:13:05.000-[XQBHServer.ServerAPI.JCZDHFX.exec:23]-[LOG_IO]-sZDJYM_=1234567890
2017/11/12 08:13:05.002-[XQBHServer.ServerAPI.JCZDHFX.exec:35]-[LOG_IO]-<<<<<<<<<<<<<<<<<<<<<<<<<<<<<<
2017/11/12 08:13:05.003-[XQBHServer.ServerTran.CommonTran.Comtran:45]-[LOG_IO]-JYM_UU=ZDLogin
2017/11/12 08:13:05.108-[XQBHServer.ServerTran.ZDLogin.exec:24]-[LOG_IO]->>>>>>>>>>>>>>>>>>>>>>>>>>>>>>
2017/11/12 08:13:05.108-[XQBHServer.ServerTran.ZDLogin.exec:25]-[LOG_IO]-ZDJYM_=1234567890
2017/11/12 08:13:05.108-[XQBHServer.ServerTran.ZDLogin.exec:26]-[LOG_IO]-ZDBH_U=ZD00000001
2017/11/12 08:13:05.118-[XQBHServer.ServerTran.ZDLogin.exec:53]-[LOG_DEBUG]-15
2017/11/12 08:13:05.118-[XQBHServer.ServerTran.ZDLogin.exec:54]-[LOG_IO]-<<<<<<<<<<<<<<<<<<<<<<<<<<<<<<
2017/11/12 08:13:05.140-[XQBHServer.ServerTran.CommonTran.getOut:85]-[LOG_IO]-XMLOut<?xml version="1.0" encoding="UTF-8"?>
<root><head type="java.util.Map"><HTJYM_>ZDLogin</HTJYM_><HTRQ_U>20171112</HTRQ_U><CWXX_U></CWXX_U><QTRQ_U>20171112</QTRQ_U><ZDBH_U>ZD00000001</ZDBH_U><IP_UUU>192.168.31.62</IP_UUU><HTLS_U></HTLS_U><QTLS_U>CZD0000000100015</QTLS_U><CWDM_U>AAAAAA</CWDM_U><ZDJYM_>1234567890</ZDJYM_><QTSJ_U>201304</QTSJ_U><QTJYM_>ZDLogin</QTJYM_></head><body type="java.util.Map"><re>哈哈哈</re></body></root>



2017/11/12 08:13:49.378-[XQBHServer.ServerTran.CommonTran.Comtran:28]-[LOG_IO]-flLogLV = [DEBUG] 
2017/11/12 08:13:49.378-[XQBHServer.ServerTran.CommonTran.Comtran:29]-[LOG_IO]-XMLIn=<?xml version="1.0" encoding="UTF-8"?>
<root><head type="java.util.Map"><HTJYM_>ZDLogin</HTJYM_><QTRQ_U>20171112</QTRQ_U><ZDBH_U>ZD00000001</ZDBH_U><IP_UUU>192.168.31.62</IP_UUU><QTLS_U>CZD0000000100016</QTLS_U><ZDJYM_>1234567890</ZDJYM_><QTSJ_U>201348</QTSJ_U><QTJYM_>ZDLogin</QTJYM_></head><body type="java.util.Map"/></root>
2017/11/12 08:13:49.408-[XQBHServer.ServerAPI.JCZDHFX.exec:19]-[LOG_IO]->>>>>>>>>>>>>>>>>>>>>>>>>>>>>>
2017/11/12 08:13:49.408-[XQBHServer.ServerAPI.JCZDHFX.exec:22]-[LOG_IO]-sZDBH_U=ZD00000001
2017/11/12 08:13:49.408-[XQBHServer.ServerAPI.JCZDHFX.exec:23]-[LOG_IO]-sZDJYM_=1234567890
2017/11/12 08:13:49.410-[XQBHServer.ServerAPI.JCZDHFX.exec:35]-[LOG_IO]-<<<<<<<<<<<<<<<<<<<<<<<<<<<<<<
2017/11/12 08:13:49.410-[XQBHServer.ServerTran.CommonTran.Comtran:45]-[LOG_IO]-JYM_UU=ZDLogin
2017/11/12 08:13:49.486-[XQBHServer.ServerTran.ZDLogin.exec:24]-[LOG_IO]->>>>>>>>>>>>>>>>>>>>>>>>>>>>>>
2017/11/12 08:13:49.487-[XQBHServer.ServerTran.ZDLogin.exec:25]-[LOG_IO]-ZDJYM_=1234567890
2017/11/12 08:13:49.487-[XQBHServer.ServerTran.ZDLogin.exec:26]-[LOG_IO]-ZDBH_U=ZD00000001
2017/11/12 08:13:49.503-[XQBHServer.ServerTran.ZDLogin.exec:53]-[LOG_DEBUG]-16
2017/11/12 08:13:49.503-[XQBHServer.ServerTran.ZDLogin.exec:54]-[LOG_IO]-<<<<<<<<<<<<<<<<<<<<<<<<<<<<<<
2017/11/12 08:13:49.548-[XQBHServer.ServerTran.CommonTran.getOut:85]-[LOG_IO]-XMLOut<?xml version="1.0" encoding="UTF-8"?>
<root><head type="java.util.Map"><HTJYM_>ZDLogin</HTJYM_><HTRQ_U>20171112</HTRQ_U><CWXX_U></CWXX_U><QTRQ_U>20171112</QTRQ_U><ZDBH_U>ZD00000001</ZDBH_U><IP_UUU>192.168.31.62</IP_UUU><HTLS_U></HTLS_U><QTLS_U>CZD0000000100016</QTLS_U><CWDM_U>AAAAAA</CWDM_U><ZDJYM_>1234567890</ZDJYM_><QTSJ_U>201348</QTSJ_U><QTJYM_>ZDLogin</QTJYM_></head><body type="java.util.Map"><re>哈哈哈</re></body></root>



2017/11/12 08:23:56.498-[XQBHServer.ServerTran.CommonTran.Comtran:28]-[LOG_IO]-flLogLV = [DEBUG] 
2017/11/12 08:23:56.498-[XQBHServer.ServerTran.CommonTran.Comtran:29]-[LOG_IO]-XMLIn=<?xml version="1.0" encoding="UTF-8"?>
<root><head type="java.util.Map"><HTJYM_>ZDLogin</HTJYM_><QTRQ_U>20171112</QTRQ_U><ZDBH_U>ZD00000001</ZDBH_U><IP_UUU>192.168.31.62</IP_UUU><QTLS_U>CZD0000000100017</QTLS_U><ZDJYM_>1234567890</ZDJYM_><QTSJ_U>202355</QTSJ_U><QTJYM_>ZDLogin</QTJYM_></head><body type="java.util.Map"/></root>
2017/11/12 08:23:56.531-[XQBHServer.ServerAPI.JCZDHFX.exec:19]-[LOG_IO]->>>>>>>>>>>>>>>>>>>>>>>>>>>>>>
2017/11/12 08:23:56.531-[XQBHServer.ServerAPI.JCZDHFX.exec:22]-[LOG_IO]-sZDBH_U=ZD00000001
2017/11/12 08:23:56.531-[XQBHServer.ServerAPI.JCZDHFX.exec:23]-[LOG_IO]-sZDJYM_=1234567890
2017/11/12 08:23:56.534-[XQBHServer.ServerAPI.JCZDHFX.exec:35]-[LOG_IO]-<<<<<<<<<<<<<<<<<<<<<<<<<<<<<<
2017/11/12 08:23:56.534-[XQBHServer.ServerTran.CommonTran.Comtran:45]-[LOG_IO]-JYM_UU=ZDLogin
2017/11/12 08:23:56.617-[XQBHServer.ServerTran.ZDLogin.exec:24]-[LOG_IO]->>>>>>>>>>>>>>>>>>>>>>>>>>>>>>
2017/11/12 08:23:56.617-[XQBHServer.ServerTran.ZDLogin.exec:25]-[LOG_IO]-ZDJYM_=1234567890
2017/11/12 08:23:56.617-[XQBHServer.ServerTran.ZDLogin.exec:26]-[LOG_IO]-ZDBH_U=ZD00000001
2017/11/12 08:23:56.636-[XQBHServer.ServerTran.ZDLogin.exec:53]-[LOG_DEBUG]-17
2017/11/12 08:23:56.636-[XQBHServer.ServerTran.ZDLogin.exec:54]-[LOG_IO]-<<<<<<<<<<<<<<<<<<<<<<<<<<<<<<
2017/11/12 08:23:56.656-[XQBHServer.ServerTran.CommonTran.getOut:85]-[LOG_IO]-XMLOut<?xml version="1.0" encoding="UTF-8"?>
<root><head type="java.util.Map"><HTJYM_>ZDLogin</HTJYM_><HTRQ_U>20171112</HTRQ_U><CWXX_U></CWXX_U><QTRQ_U>20171112</QTRQ_U><ZDBH_U>ZD00000001</ZDBH_U><IP_UUU>192.168.31.62</IP_UUU><HTLS_U></HTLS_U><QTLS_U>CZD0000000100017</QTLS_U><CWDM_U>AAAAAA</CWDM_U><ZDJYM_>1234567890</ZDJYM_><QTSJ_U>202355</QTSJ_U><QTJYM_>ZDLogin</QTJYM_></head><body type="java.util.Map"><re>哈哈哈</re></body></root>



2017/11/12 08:24:30.142-[XQBHServer.ServerTran.CommonTran.Comtran:28]-[LOG_IO]-flLogLV = [DEBUG] 
2017/11/12 08:24:30.143-[XQBHServer.ServerTran.CommonTran.Comtran:29]-[LOG_IO]-XMLIn=<?xml version="1.0" encoding="UTF-8"?>
<root><head type="java.util.Map"><HTJYM_>ZDLogin</HTJYM_><QTRQ_U>20171112</QTRQ_U><ZDBH_U>ZD00000001</ZDBH_U><IP_UUU>192.168.31.62</IP_UUU><QTLS_U>CZD0000000100018</QTLS_U><ZDJYM_>1234567890</ZDJYM_><QTSJ_U>202429</QTSJ_U><QTJYM_>ZDLogin</QTJYM_></head><body type="java.util.Map"/></root>
2017/11/12 08:24:30.171-[XQBHServer.ServerAPI.JCZDHFX.exec:19]-[LOG_IO]->>>>>>>>>>>>>>>>>>>>>>>>>>>>>>
2017/11/12 08:24:30.171-[XQBHServer.ServerAPI.JCZDHFX.exec:22]-[LOG_IO]-sZDBH_U=ZD00000001
2017/11/12 08:24:30.171-[XQBHServer.ServerAPI.JCZDHFX.exec:23]-[LOG_IO]-sZDJYM_=1234567890
2017/11/12 08:24:30.172-[XQBHServer.ServerAPI.JCZDHFX.exec:35]-[LOG_IO]-<<<<<<<<<<<<<<<<<<<<<<<<<<<<<<
2017/11/12 08:24:30.173-[XQBHServer.ServerTran.CommonTran.Comtran:45]-[LOG_IO]-JYM_UU=ZDLogin
2017/11/12 08:24:30.248-[XQBHServer.ServerTran.ZDLogin.exec:24]-[LOG_IO]->>>>>>>>>>>>>>>>>>>>>>>>>>>>>>
2017/11/12 08:24:30.248-[XQBHServer.ServerTran.ZDLogin.exec:25]-[LOG_IO]-ZDJYM_=1234567890
2017/11/12 08:24:30.248-[XQBHServer.ServerTran.ZDLogin.exec:26]-[LOG_IO]-ZDBH_U=ZD00000001
2017/11/12 08:24:30.256-[XQBHServer.ServerTran.ZDLogin.exec:53]-[LOG_DEBUG]-18
2017/11/12 08:24:30.256-[XQBHServer.ServerTran.ZDLogin.exec:54]-[LOG_IO]-<<<<<<<<<<<<<<<<<<<<<<<<<<<<<<
2017/11/12 08:24:30.278-[XQBHServer.ServerTran.CommonTran.getOut:85]-[LOG_IO]-XMLOut<?xml version="1.0" encoding="UTF-8"?>
<root><head type="java.util.Map"><HTJYM_>ZDLogin</HTJYM_><HTRQ_U>20171112</HTRQ_U><CWXX_U></CWXX_U><QTRQ_U>20171112</QTRQ_U><ZDBH_U>ZD00000001</ZDBH_U><IP_UUU>192.168.31.62</IP_UUU><HTLS_U></HTLS_U><QTLS_U>CZD0000000100018</QTLS_U><CWDM_U>AAAAAA</CWDM_U><ZDJYM_>1234567890</ZDJYM_><QTSJ_U>202429</QTSJ_U><QTJYM_>ZDLogin</QTJYM_></head><body type="java.util.Map"><re>哈哈哈</re></body></root>



2017/11/12 08:28:21.139-[XQBHServer.ServerTran.CommonTran.Comtran:28]-[LOG_IO]-flLogLV = [DEBUG] 
2017/11/12 08:28:21.139-[XQBHServer.ServerTran.CommonTran.Comtran:29]-[LOG_IO]-XMLIn=<?xml version="1.0" encoding="UTF-8"?>
<root><head type="java.util.Map"><HTJYM_>ZDLogin</HTJYM_><QTRQ_U>20171112</QTRQ_U><ZDBH_U>ZD00000001</ZDBH_U><IP_UUU>192.168.31.62</IP_UUU><QTLS_U>CZD0000000100019</QTLS_U><ZDJYM_>1234567890</ZDJYM_><QTSJ_U>202820</QTSJ_U><QTJYM_>ZDLogin</QTJYM_></head><body type="java.util.Map"/></root>
2017/11/12 08:28:21.166-[XQBHServer.ServerAPI.JCZDHFX.exec:19]-[LOG_IO]->>>>>>>>>>>>>>>>>>>>>>>>>>>>>>
2017/11/12 08:28:21.167-[XQBHServer.ServerAPI.JCZDHFX.exec:22]-[LOG_IO]-sZDBH_U=ZD00000001
2017/11/12 08:28:21.167-[XQBHServer.ServerAPI.JCZDHFX.exec:23]-[LOG_IO]-sZDJYM_=1234567890
2017/11/12 08:28:21.169-[XQBHServer.ServerAPI.JCZDHFX.exec:35]-[LOG_IO]-<<<<<<<<<<<<<<<<<<<<<<<<<<<<<<
2017/11/12 08:28:21.169-[XQBHServer.ServerTran.CommonTran.Comtran:45]-[LOG_IO]-JYM_UU=ZDLogin
2017/11/12 08:28:21.253-[XQBHServer.ServerTran.ZDLogin.exec:24]-[LOG_IO]->>>>>>>>>>>>>>>>>>>>>>>>>>>>>>
2017/11/12 08:28:21.253-[XQBHServer.ServerTran.ZDLogin.exec:25]-[LOG_IO]-ZDJYM_=1234567890
2017/11/12 08:28:21.253-[XQBHServer.ServerTran.ZDLogin.exec:26]-[LOG_IO]-ZDBH_U=ZD00000001
2017/11/12 08:28:21.261-[XQBHServer.ServerTran.ZDLogin.exec:53]-[LOG_DEBUG]-19
2017/11/12 08:28:21.261-[XQBHServer.ServerTran.ZDLogin.exec:54]-[LOG_IO]-<<<<<<<<<<<<<<<<<<<<<<<<<<<<<<
2017/11/12 08:28:21.282-[XQBHServer.ServerTran.CommonTran.getOut:85]-[LOG_IO]-XMLOut<?xml version="1.0" encoding="UTF-8"?>
<root><head type="java.util.Map"><HTJYM_>ZDLogin</HTJYM_><HTRQ_U>20171112</HTRQ_U><CWXX_U></CWXX_U><QTRQ_U>20171112</QTRQ_U><ZDBH_U>ZD00000001</ZDBH_U><IP_UUU>192.168.31.62</IP_UUU><HTLS_U></HTLS_U><QTLS_U>CZD0000000100019</QTLS_U><CWDM_U>AAAAAA</CWDM_U><ZDJYM_>1234567890</ZDJYM_><QTSJ_U>202820</QTSJ_U><QTJYM_>ZDLogin</QTJYM_></head><body type="java.util.Map"><re>哈哈哈</re></body></root>



2017/11/12 09:58:22.681-[XQBHServer.ServerTran.CommonTran.Comtran:28]-[LOG_IO]-flLogLV = [DEBUG] 
2017/11/12 09:58:22.681-[XQBHServer.ServerTran.CommonTran.Comtran:29]-[LOG_IO]-XMLIn=<?xml version="1.0" encoding="UTF-8"?>
<root><head type="java.util.Map"><HTJYM_>ZDLogin</HTJYM_><QTRQ_U>20171112</QTRQ_U><ZDBH_U>ZD00000001</ZDBH_U><IP_UUU>192.168.31.62</IP_UUU><QTLS_U>CZD0000000100020</QTLS_U><ZDJYM_>1234567890</ZDJYM_><QTSJ_U>215821</QTSJ_U><QTJYM_>ZDLogin</QTJYM_></head><body type="java.util.Map"/></root>
2017/11/12 09:58:22.799-[XQBHServer.ServerAPI.JCZDHFX.exec:19]-[LOG_IO]->>>>>>>>>>>>>>>>>>>>>>>>>>>>>>
2017/11/12 09:58:22.799-[XQBHServer.ServerAPI.JCZDHFX.exec:22]-[LOG_IO]-sZDBH_U=ZD00000001
2017/11/12 09:58:22.799-[XQBHServer.ServerAPI.JCZDHFX.exec:23]-[LOG_IO]-sZDJYM_=1234567890
2017/11/12 09:58:22.802-[XQBHServer.ServerAPI.JCZDHFX.exec:35]-[LOG_IO]-<<<<<<<<<<<<<<<<<<<<<<<<<<<<<<
2017/11/12 09:58:22.802-[XQBHServer.ServerTran.CommonTran.Comtran:45]-[LOG_IO]-JYM_UU=ZDLogin
2017/11/12 09:58:22.888-[XQBHServer.ServerTran.ZDLogin.exec:24]-[LOG_IO]->>>>>>>>>>>>>>>>>>>>>>>>>>>>>>
2017/11/12 09:58:22.889-[XQBHServer.ServerTran.ZDLogin.exec:25]-[LOG_IO]-ZDJYM_=1234567890
2017/11/12 09:58:22.889-[XQBHServer.ServerTran.ZDLogin.exec:26]-[LOG_IO]-ZDBH_U=ZD00000001
2017/11/12 09:58:22.897-[XQBHServer.ServerTran.ZDLogin.exec:53]-[LOG_DEBUG]-20
2017/11/12 09:58:22.898-[XQBHServer.ServerTran.ZDLogin.exec:54]-[LOG_IO]-<<<<<<<<<<<<<<<<<<<<<<<<<<<<<<
2017/11/12 09:58:22.934-[XQBHServer.ServerTran.CommonTran.getOut:85]-[LOG_IO]-XMLOut<?xml version="1.0" encoding="UTF-8"?>
<root><head type="java.util.Map"><HTJYM_>ZDLogin</HTJYM_><HTRQ_U>20171112</HTRQ_U><CWXX_U></CWXX_U><QTRQ_U>20171112</QTRQ_U><ZDBH_U>ZD00000001</ZDBH_U><IP_UUU>192.168.31.62</IP_UUU><HTLS_U></HTLS_U><QTLS_U>CZD0000000100020</QTLS_U><CWDM_U>AAAAAA</CWDM_U><ZDJYM_>1234567890</ZDJYM_><QTSJ_U>215821</QTSJ_U><QTJYM_>ZDLogin</QTJYM_></head><body type="java.util.Map"><re>哈哈哈</re></body></root>



