2017/11/06 01:02:08.197-[XQBHServer.Server.ServerMain.main:18]-[LOG_SYS]-ServerInit Fail!!!
2017/11/06 01:02:33.205-[XQBHServer.Server.ServerMain.main:26]-[LOG_SYS]-Server start successful!!!
2017/11/06 01:02:49.010-[XQBHServer.Server.ServerMain.main:26]-[LOG_SYS]-Server start successful!!!
2017/11/06 01:03:32.838-[XQBHServer.Server.ServerMain.main:26]-[LOG_SYS]-Server start successful!!!
2017/11/06 05:21:17.724-[XQBHServer.Server.ServerMain.main:32]-[LOG_SYS]-Server start successful!!!
2017/11/06 05:22:18.864-[XQBHServer.Server.ServerMain.main:32]-[LOG_SYS]-Server start successful!!!
2017/11/06 05:22:31.143-[XQBHServer.Server.ServerMain.main:32]-[LOG_SYS]-Server start successful!!!
2017/11/06 05:24:03.483-[XQBHServer.Server.ServerMain.main:31]-[LOG_SYS]-address:http://192.168.31.62:9000/CommonTran
2017/11/06 05:24:03.764-[XQBHServer.Server.ServerMain.main:34]-[LOG_SYS]-Server start successful!!!
2017/11/06 09:02:16.659-[XQBHServer.Server.ServerMain.main:31]-[LOG_SYS]-address:http://192.168.31.62:9000/CommonTran
2017/11/06 09:02:16.956-[XQBHServer.Server.ServerMain.main:34]-[LOG_SYS]-Server start successful!!!
2017/11/06 09:20:52.041-[XQBHServer.ServerTran.CommonTran.Comtran:20]-[LOG_IO]-XMLIn=<?xml version="1.0" encoding="UTF-8"?>
<root><head type="java.util.Map"><HTJYM_>ZDLogin</HTJYM_><QTRQ_U>20171106</QTRQ_U><ZDBH_U></ZDBH_U><IP_UUU>192.168.99.1</IP_UUU><QTLS_U>211737</QTLS_U><ZDJYM_></ZDJYM_><QTSJ_U>211737</QTSJ_U><QTJYM_>ZDLogin</QTJYM_></head><body type="java.util.Map"/></root>
2017/11/06 09:20:52.213-[XQBHServer.ServerAPI.JCZDHFX.exec:17]-[LOG_IO]->>>>>>>>>>>>>>>>>>>>>>>>>>>>>>
2017/11/06 09:20:52.213-[XQBHServer.ServerAPI.JCZDHFX.exec:18]-[LOG_IO]-ZDBH_U=
2017/11/06 09:20:52.213-[XQBHServer.ServerAPI.JCZDHFX.exec:19]-[LOG_IO]-ZDJYM_=
2017/11/06 09:20:52.229-[XQBHServer.ServerTran.CommonTran.Comtran:33]-[LOG_SYS]-初始化失败
2017/11/06 09:20:52.229-[XQBHServer.ServerTran.Tran.runERR:47]-[LOG_ERR]-tranObj.CWDM_U=ERR001  tranObj.CWXX_U公共初始化失败
2017/11/06 09:20:52.229-[XQBHServer.ServerTran.CommonTran.getOut:71]-[LOG_IO]-XMLOut<?xml version="1.0" encoding="UTF-8"?>
<root><head type="java.util.Map"><HTJYM_>ZDLogin</HTJYM_><CWXX_U>公共初始化失败</CWXX_U><QTRQ_U>20171106</QTRQ_U><ZDBH_U></ZDBH_U><IP_UUU>192.168.99.1</IP_UUU><QTLS_U>211737</QTLS_U><CWDM_U>ERR001</CWDM_U><ZDJYM_></ZDJYM_><QTSJ_U>211737</QTSJ_U><QTJYM_>ZDLogin</QTJYM_></head><body type="java.util.Map"/></root>



2017/11/06 09:23:47.744-[XQBHServer.ServerTran.CommonTran.Comtran:20]-[LOG_IO]-XMLIn=<?xml version="1.0" encoding="UTF-8"?>
<root><head type="java.util.Map"><HTJYM_>ZDLogin</HTJYM_><QTRQ_U>20171106</QTRQ_U><ZDBH_U>ZD00000001</ZDBH_U><IP_UUU>192.168.31.62</IP_UUU><QTLS_U>ZD00000001212347</QTLS_U><ZDJYM_>1234567890</ZDJYM_><QTSJ_U>212347</QTSJ_U><QTJYM_>ZDLogin</QTJYM_></head><body type="java.util.Map"/></root>
2017/11/06 09:23:47.854-[XQBHServer.ServerAPI.JCZDHFX.exec:17]-[LOG_IO]->>>>>>>>>>>>>>>>>>>>>>>>>>>>>>
2017/11/06 09:23:47.854-[XQBHServer.ServerAPI.JCZDHFX.exec:18]-[LOG_IO]-ZDBH_U=ZD00000001
2017/11/06 09:23:47.854-[XQBHServer.ServerAPI.JCZDHFX.exec:19]-[LOG_IO]-ZDJYM_=1234567890
2017/11/06 09:23:47.854-[XQBHServer.ServerAPI.JCZDHFX.exec:31]-[LOG_IO]-<<<<<<<<<<<<<<<<<<<<<<<<<<<<<<
2017/11/06 09:23:47.916-[XQBHServer.ServerTran.CommonTran.Comtran:45]-[LOG_IO]-JYM_UU=ZDLogin
2017/11/06 09:23:47.994-[XQBHServer.ServerTran.ZDLogin.exec:24]-[LOG_IO]->>>>>>>>>>>>>>>>>>>>>>>>>>>>>>
2017/11/06 09:23:47.994-[XQBHServer.ServerTran.ZDLogin.exec:25]-[LOG_IO]-ZDJYM_=1234567890
2017/11/06 09:23:47.994-[XQBHServer.ServerTran.ZDLogin.exec:26]-[LOG_IO]-ZDBH_U=ZD00000001
2017/11/06 09:23:48.010-[XQBHServer.ServerTran.ZDLogin.exec:49]-[LOG_IO]-<<<<<<<<<<<<<<<<<<<<<<<<<<<<<<
2017/11/06 09:23:48.041-[XQBHServer.ServerTran.CommonTran.getOut:71]-[LOG_IO]-XMLOut<?xml version="1.0" encoding="UTF-8"?>
<root><head type="java.util.Map"><HTJYM_>ZDLogin</HTJYM_><CWXX_U/><QTRQ_U>20171106</QTRQ_U><ZDBH_U>ZD00000001</ZDBH_U><IP_UUU>192.168.31.62</IP_UUU><QTLS_U>ZD00000001212347</QTLS_U><CWDM_U>AAAAAA</CWDM_U><ZDJYM_>1234567890</ZDJYM_><QTSJ_U>212347</QTSJ_U><QTJYM_>ZDLogin</QTJYM_></head><body type="java.util.Map"/></root>



2017/11/06 09:31:21.258-[XQBHServer.ServerTran.CommonTran.Comtran:20]-[LOG_IO]-XMLIn=<?xml version="1.0" encoding="UTF-8"?>
<root><head type="java.util.Map"><HTJYM_>ZDLogin</HTJYM_><QTRQ_U>20171106</QTRQ_U><ZDBH_U></ZDBH_U><IP_UUU>192.168.99.1</IP_UUU><QTLS_U>212808</QTLS_U><ZDJYM_></ZDJYM_><QTSJ_U>212808</QTSJ_U><QTJYM_>ZDLogin</QTJYM_></head><body type="java.util.Map"/></root>
2017/11/06 09:31:21.368-[XQBHServer.ServerAPI.JCZDHFX.exec:17]-[LOG_IO]->>>>>>>>>>>>>>>>>>>>>>>>>>>>>>
2017/11/06 09:31:21.368-[XQBHServer.ServerAPI.JCZDHFX.exec:18]-[LOG_IO]-ZDBH_U=
2017/11/06 09:31:21.368-[XQBHServer.ServerAPI.JCZDHFX.exec:19]-[LOG_IO]-ZDJYM_=
2017/11/06 09:31:21.383-[XQBHServer.ServerTran.CommonTran.Comtran:33]-[LOG_SYS]-初始化失败
2017/11/06 09:31:21.383-[XQBHServer.ServerTran.Tran.runERR:47]-[LOG_ERR]-tranObj.CWDM_U=ERR001  tranObj.CWXX_U公共初始化失败
2017/11/06 09:31:21.383-[XQBHServer.ServerTran.CommonTran.getOut:71]-[LOG_IO]-XMLOut<?xml version="1.0" encoding="UTF-8"?>
<root><head type="java.util.Map"><HTJYM_>ZDLogin</HTJYM_><CWXX_U>公共初始化失败</CWXX_U><QTRQ_U>20171106</QTRQ_U><ZDBH_U></ZDBH_U><IP_UUU>192.168.99.1</IP_UUU><QTLS_U>212808</QTLS_U><CWDM_U>ERR001</CWDM_U><ZDJYM_></ZDJYM_><QTSJ_U>212808</QTSJ_U><QTJYM_>ZDLogin</QTJYM_></head><body type="java.util.Map"/></root>



2017/11/06 09:36:29.023-[XQBHServer.ServerTran.CommonTran.Comtran:20]-[LOG_IO]-XMLIn=<?xml version="1.0" encoding="UTF-8"?>
<root><head type="java.util.Map"><HTJYM_>ZDLogin</HTJYM_><QTRQ_U>20171106</QTRQ_U><ZDBH_U></ZDBH_U><IP_UUU>192.168.31.62</IP_UUU><QTLS_U>213628</QTLS_U><ZDJYM_></ZDJYM_><QTSJ_U>213628</QTSJ_U><QTJYM_>ZDLogin</QTJYM_></head><body type="java.util.Map"/></root>
2017/11/06 09:36:29.101-[XQBHServer.ServerAPI.JCZDHFX.exec:17]-[LOG_IO]->>>>>>>>>>>>>>>>>>>>>>>>>>>>>>
2017/11/06 09:36:29.101-[XQBHServer.ServerAPI.JCZDHFX.exec:18]-[LOG_IO]-ZDBH_U=
2017/11/06 09:36:29.101-[XQBHServer.ServerAPI.JCZDHFX.exec:19]-[LOG_IO]-ZDJYM_=
2017/11/06 09:36:29.116-[XQBHServer.ServerTran.CommonTran.Comtran:33]-[LOG_SYS]-初始化失败
2017/11/06 09:36:29.116-[XQBHServer.ServerTran.Tran.runERR:47]-[LOG_ERR]-tranObj.CWDM_U=ERR001  tranObj.CWXX_U公共初始化失败
2017/11/06 09:36:29.116-[XQBHServer.ServerTran.CommonTran.getOut:71]-[LOG_IO]-XMLOut<?xml version="1.0" encoding="UTF-8"?>
<root><head type="java.util.Map"><HTJYM_>ZDLogin</HTJYM_><CWXX_U>公共初始化失败</CWXX_U><QTRQ_U>20171106</QTRQ_U><ZDBH_U></ZDBH_U><IP_UUU>192.168.31.62</IP_UUU><QTLS_U>213628</QTLS_U><CWDM_U>ERR001</CWDM_U><ZDJYM_></ZDJYM_><QTSJ_U>213628</QTSJ_U><QTJYM_>ZDLogin</QTJYM_></head><body type="java.util.Map"/></root>



2017/11/06 09:37:44.245-[XQBHServer.ServerTran.CommonTran.Comtran:20]-[LOG_IO]-XMLIn=<?xml version="1.0" encoding="UTF-8"?>
<root><head type="java.util.Map"><HTJYM_>ZDLogin</HTJYM_><QTRQ_U>20171106</QTRQ_U><ZDBH_U></ZDBH_U><IP_UUU>192.168.31.62</IP_UUU><QTLS_U>213743</QTLS_U><ZDJYM_>1234567890</ZDJYM_><QTSJ_U>213743</QTSJ_U><QTJYM_>ZDLogin</QTJYM_></head><body type="java.util.Map"/></root>
2017/11/06 09:37:44.339-[XQBHServer.ServerAPI.JCZDHFX.exec:17]-[LOG_IO]->>>>>>>>>>>>>>>>>>>>>>>>>>>>>>
2017/11/06 09:37:44.339-[XQBHServer.ServerAPI.JCZDHFX.exec:18]-[LOG_IO]-ZDBH_U=
2017/11/06 09:37:44.339-[XQBHServer.ServerAPI.JCZDHFX.exec:19]-[LOG_IO]-ZDJYM_=1234567890
2017/11/06 09:37:44.355-[XQBHServer.ServerTran.CommonTran.Comtran:33]-[LOG_SYS]-初始化失败
2017/11/06 09:37:44.355-[XQBHServer.ServerTran.Tran.runERR:47]-[LOG_ERR]-tranObj.CWDM_U=ERR001  tranObj.CWXX_U公共初始化失败
2017/11/06 09:37:44.355-[XQBHServer.ServerTran.CommonTran.getOut:71]-[LOG_IO]-XMLOut<?xml version="1.0" encoding="UTF-8"?>
<root><head type="java.util.Map"><HTJYM_>ZDLogin</HTJYM_><CWXX_U>公共初始化失败</CWXX_U><QTRQ_U>20171106</QTRQ_U><ZDBH_U></ZDBH_U><IP_UUU>192.168.31.62</IP_UUU><QTLS_U>213743</QTLS_U><CWDM_U>ERR001</CWDM_U><ZDJYM_>1234567890</ZDJYM_><QTSJ_U>213743</QTSJ_U><QTJYM_>ZDLogin</QTJYM_></head><body type="java.util.Map"/></root>



2017/11/06 09:37:58.135-[XQBHServer.ServerTran.CommonTran.Comtran:20]-[LOG_IO]-XMLIn=<?xml version="1.0" encoding="UTF-8"?>
<root><head type="java.util.Map"><HTJYM_>ZDLogin</HTJYM_><QTRQ_U>20171106</QTRQ_U><ZDBH_U>ZD00000001</ZDBH_U><IP_UUU>192.168.31.62</IP_UUU><QTLS_U>ZD00000001213757</QTLS_U><ZDJYM_>1234567890</ZDJYM_><QTSJ_U>213757</QTSJ_U><QTJYM_>ZDLogin</QTJYM_></head><body type="java.util.Map"/></root>
2017/11/06 09:37:58.213-[XQBHServer.ServerAPI.JCZDHFX.exec:17]-[LOG_IO]->>>>>>>>>>>>>>>>>>>>>>>>>>>>>>
2017/11/06 09:37:58.213-[XQBHServer.ServerAPI.JCZDHFX.exec:18]-[LOG_IO]-ZDBH_U=ZD00000001
2017/11/06 09:37:58.213-[XQBHServer.ServerAPI.JCZDHFX.exec:19]-[LOG_IO]-ZDJYM_=1234567890
2017/11/06 09:37:58.213-[XQBHServer.ServerAPI.JCZDHFX.exec:31]-[LOG_IO]-<<<<<<<<<<<<<<<<<<<<<<<<<<<<<<
2017/11/06 09:37:58.260-[XQBHServer.ServerTran.CommonTran.Comtran:45]-[LOG_IO]-JYM_UU=ZDLogin
2017/11/06 09:37:58.369-[XQBHServer.ServerTran.ZDLogin.exec:24]-[LOG_IO]->>>>>>>>>>>>>>>>>>>>>>>>>>>>>>
2017/11/06 09:37:58.369-[XQBHServer.ServerTran.ZDLogin.exec:25]-[LOG_IO]-ZDJYM_=1234567890
2017/11/06 09:37:58.369-[XQBHServer.ServerTran.ZDLogin.exec:26]-[LOG_IO]-ZDBH_U=ZD00000001
2017/11/06 09:37:58.385-[XQBHServer.ServerTran.ZDLogin.exec:49]-[LOG_IO]-<<<<<<<<<<<<<<<<<<<<<<<<<<<<<<
2017/11/06 09:37:58.416-[XQBHServer.ServerTran.CommonTran.getOut:71]-[LOG_IO]-XMLOut<?xml version="1.0" encoding="UTF-8"?>
<root><head type="java.util.Map"><HTJYM_>ZDLogin</HTJYM_><CWXX_U/><QTRQ_U>20171106</QTRQ_U><ZDBH_U>ZD00000001</ZDBH_U><IP_UUU>192.168.31.62</IP_UUU><QTLS_U>ZD00000001213757</QTLS_U><CWDM_U>AAAAAA</CWDM_U><ZDJYM_>1234567890</ZDJYM_><QTSJ_U>213757</QTSJ_U><QTJYM_>ZDLogin</QTJYM_></head><body type="java.util.Map"/></root>



2017/11/06 09:38:41.914-[XQBHServer.ServerTran.CommonTran.Comtran:20]-[LOG_IO]-XMLIn=<?xml version="1.0" encoding="UTF-8"?>
<root><head type="java.util.Map"><HTJYM_>ZDLogin</HTJYM_><QTRQ_U>20171106</QTRQ_U><ZDBH_U>ZD00000001</ZDBH_U><IP_UUU>192.168.99.1</IP_UUU><QTLS_U>ZD00000001213529</QTLS_U><ZDJYM_>1234567890</ZDJYM_><QTSJ_U>213529</QTSJ_U><QTJYM_>ZDLogin</QTJYM_></head><body type="java.util.Map"/></root>
2017/11/06 09:38:42.039-[XQBHServer.ServerAPI.JCZDHFX.exec:17]-[LOG_IO]->>>>>>>>>>>>>>>>>>>>>>>>>>>>>>
2017/11/06 09:38:42.039-[XQBHServer.ServerAPI.JCZDHFX.exec:18]-[LOG_IO]-ZDBH_U=ZD00000001
2017/11/06 09:38:42.039-[XQBHServer.ServerAPI.JCZDHFX.exec:19]-[LOG_IO]-ZDJYM_=1234567890
2017/11/06 09:38:42.039-[XQBHServer.ServerAPI.JCZDHFX.exec:31]-[LOG_IO]-<<<<<<<<<<<<<<<<<<<<<<<<<<<<<<
2017/11/06 09:38:42.086-[XQBHServer.ServerTran.CommonTran.Comtran:45]-[LOG_IO]-JYM_UU=ZDLogin
2017/11/06 09:38:42.164-[XQBHServer.ServerTran.ZDLogin.exec:24]-[LOG_IO]->>>>>>>>>>>>>>>>>>>>>>>>>>>>>>
2017/11/06 09:38:42.164-[XQBHServer.ServerTran.ZDLogin.exec:25]-[LOG_IO]-ZDJYM_=1234567890
2017/11/06 09:38:42.164-[XQBHServer.ServerTran.ZDLogin.exec:26]-[LOG_IO]-ZDBH_U=ZD00000001
2017/11/06 09:38:42.180-[XQBHServer.ServerTran.ZDLogin.exec:49]-[LOG_IO]-<<<<<<<<<<<<<<<<<<<<<<<<<<<<<<
2017/11/06 09:38:42.196-[XQBHServer.ServerTran.CommonTran.getOut:71]-[LOG_IO]-XMLOut<?xml version="1.0" encoding="UTF-8"?>
<root><head type="java.util.Map"><HTJYM_>ZDLogin</HTJYM_><CWXX_U/><QTRQ_U>20171106</QTRQ_U><ZDBH_U>ZD00000001</ZDBH_U><IP_UUU>192.168.99.1</IP_UUU><QTLS_U>ZD00000001213529</QTLS_U><CWDM_U>AAAAAA</CWDM_U><ZDJYM_>1234567890</ZDJYM_><QTSJ_U>213529</QTSJ_U><QTJYM_>ZDLogin</QTJYM_></head><body type="java.util.Map"/></root>



2017/11/06 09:38:56.863-[XQBHServer.ServerTran.CommonTran.Comtran:20]-[LOG_IO]-XMLIn=<?xml version="1.0" encoding="UTF-8"?>
<root><head type="java.util.Map"><HTJYM_>ZDLogin</HTJYM_><QTRQ_U>20171106</QTRQ_U><ZDBH_U>ZD00000001</ZDBH_U><IP_UUU>192.168.99.1</IP_UUU><QTLS_U>ZD00000001213544</QTLS_U><ZDJYM_>1234567890</ZDJYM_><QTSJ_U>213544</QTSJ_U><QTJYM_>ZDLogin</QTJYM_></head><body type="java.util.Map"/></root>
2017/11/06 09:38:56.988-[XQBHServer.ServerAPI.JCZDHFX.exec:17]-[LOG_IO]->>>>>>>>>>>>>>>>>>>>>>>>>>>>>>
2017/11/06 09:38:56.988-[XQBHServer.ServerAPI.JCZDHFX.exec:18]-[LOG_IO]-ZDBH_U=ZD00000001
2017/11/06 09:38:56.988-[XQBHServer.ServerAPI.JCZDHFX.exec:19]-[LOG_IO]-ZDJYM_=1234567890
2017/11/06 09:38:56.988-[XQBHServer.ServerAPI.JCZDHFX.exec:31]-[LOG_IO]-<<<<<<<<<<<<<<<<<<<<<<<<<<<<<<
2017/11/06 09:38:57.035-[XQBHServer.ServerTran.CommonTran.Comtran:45]-[LOG_IO]-JYM_UU=ZDLogin
2017/11/06 09:38:57.097-[XQBHServer.ServerTran.ZDLogin.exec:24]-[LOG_IO]->>>>>>>>>>>>>>>>>>>>>>>>>>>>>>
2017/11/06 09:38:57.097-[XQBHServer.ServerTran.ZDLogin.exec:25]-[LOG_IO]-ZDJYM_=1234567890
2017/11/06 09:38:57.097-[XQBHServer.ServerTran.ZDLogin.exec:26]-[LOG_IO]-ZDBH_U=ZD00000001
2017/11/06 09:38:57.113-[XQBHServer.ServerTran.ZDLogin.exec:49]-[LOG_IO]-<<<<<<<<<<<<<<<<<<<<<<<<<<<<<<
2017/11/06 09:38:57.144-[XQBHServer.ServerTran.CommonTran.getOut:71]-[LOG_IO]-XMLOut<?xml version="1.0" encoding="UTF-8"?>
<root><head type="java.util.Map"><HTJYM_>ZDLogin</HTJYM_><CWXX_U/><QTRQ_U>20171106</QTRQ_U><ZDBH_U>ZD00000001</ZDBH_U><IP_UUU>192.168.99.1</IP_UUU><QTLS_U>ZD00000001213544</QTLS_U><CWDM_U>AAAAAA</CWDM_U><ZDJYM_>1234567890</ZDJYM_><QTSJ_U>213544</QTSJ_U><QTJYM_>ZDLogin</QTJYM_></head><body type="java.util.Map"/></root>



2017/11/06 09:39:03.286-[XQBHServer.ServerTran.CommonTran.Comtran:20]-[LOG_IO]-XMLIn=<?xml version="1.0" encoding="UTF-8"?>
<root><head type="java.util.Map"><HTJYM_>ZDLogin</HTJYM_><QTRQ_U>20171106</QTRQ_U><ZDBH_U>ZD00000001</ZDBH_U><IP_UUU>192.168.99.1</IP_UUU><QTLS_U>ZD00000001213550</QTLS_U><ZDJYM_>1234567890</ZDJYM_><QTSJ_U>213550</QTSJ_U><QTJYM_>ZDLogin</QTJYM_></head><body type="java.util.Map"/></root>
2017/11/06 09:39:03.411-[XQBHServer.ServerAPI.JCZDHFX.exec:17]-[LOG_IO]->>>>>>>>>>>>>>>>>>>>>>>>>>>>>>
2017/11/06 09:39:03.411-[XQBHServer.ServerAPI.JCZDHFX.exec:18]-[LOG_IO]-ZDBH_U=ZD00000001
2017/11/06 09:39:03.411-[XQBHServer.ServerAPI.JCZDHFX.exec:19]-[LOG_IO]-ZDJYM_=1234567890
2017/11/06 09:39:03.411-[XQBHServer.ServerAPI.JCZDHFX.exec:31]-[LOG_IO]-<<<<<<<<<<<<<<<<<<<<<<<<<<<<<<
2017/11/06 09:39:03.457-[XQBHServer.ServerTran.CommonTran.Comtran:45]-[LOG_IO]-JYM_UU=ZDLogin
2017/11/06 09:39:03.551-[XQBHServer.ServerTran.ZDLogin.exec:24]-[LOG_IO]->>>>>>>>>>>>>>>>>>>>>>>>>>>>>>
2017/11/06 09:39:03.551-[XQBHServer.ServerTran.ZDLogin.exec:25]-[LOG_IO]-ZDJYM_=1234567890
2017/11/06 09:39:03.551-[XQBHServer.ServerTran.ZDLogin.exec:26]-[LOG_IO]-ZDBH_U=ZD00000001
2017/11/06 09:39:03.567-[XQBHServer.ServerTran.ZDLogin.exec:49]-[LOG_IO]-<<<<<<<<<<<<<<<<<<<<<<<<<<<<<<
2017/11/06 09:39:03.582-[XQBHServer.ServerTran.CommonTran.getOut:71]-[LOG_IO]-XMLOut<?xml version="1.0" encoding="UTF-8"?>
<root><head type="java.util.Map"><HTJYM_>ZDLogin</HTJYM_><CWXX_U/><QTRQ_U>20171106</QTRQ_U><ZDBH_U>ZD00000001</ZDBH_U><IP_UUU>192.168.99.1</IP_UUU><QTLS_U>ZD00000001213550</QTLS_U><CWDM_U>AAAAAA</CWDM_U><ZDJYM_>1234567890</ZDJYM_><QTSJ_U>213550</QTSJ_U><QTJYM_>ZDLogin</QTJYM_></head><body type="java.util.Map"/></root>



2017/11/06 09:52:15.440-[XQBHServer.ServerTran.CommonTran.Comtran:20]-[LOG_IO]-XMLIn=<?xml version="1.0" encoding="UTF-8"?>
<root><head type="java.util.Map"><HTJYM_>ZDLogin</HTJYM_><QTRQ_U>20171106</QTRQ_U><ZDBH_U>ZD00000001</ZDBH_U><IP_UUU>192.168.31.62</IP_UUU><QTLS_U>ZD00000001215215</QTLS_U><ZDJYM_>1234567890</ZDJYM_><QTSJ_U>215215</QTSJ_U><QTJYM_>ZDLogin</QTJYM_></head><body type="java.util.Map"/></root>
2017/11/06 09:52:15.533-[XQBHServer.ServerAPI.JCZDHFX.exec:17]-[LOG_IO]->>>>>>>>>>>>>>>>>>>>>>>>>>>>>>
2017/11/06 09:52:15.533-[XQBHServer.ServerAPI.JCZDHFX.exec:18]-[LOG_IO]-ZDBH_U=ZD00000001
2017/11/06 09:52:15.533-[XQBHServer.ServerAPI.JCZDHFX.exec:19]-[LOG_IO]-ZDJYM_=1234567890
2017/11/06 09:52:15.549-[XQBHServer.ServerAPI.JCZDHFX.exec:31]-[LOG_IO]-<<<<<<<<<<<<<<<<<<<<<<<<<<<<<<
2017/11/06 09:52:15.580-[XQBHServer.ServerTran.CommonTran.Comtran:45]-[LOG_IO]-JYM_UU=ZDLogin
2017/11/06 09:52:15.658-[XQBHServer.ServerTran.ZDLogin.exec:24]-[LOG_IO]->>>>>>>>>>>>>>>>>>>>>>>>>>>>>>
2017/11/06 09:52:15.658-[XQBHServer.ServerTran.ZDLogin.exec:25]-[LOG_IO]-ZDJYM_=1234567890
2017/11/06 09:52:15.658-[XQBHServer.ServerTran.ZDLogin.exec:26]-[LOG_IO]-ZDBH_U=ZD00000001
2017/11/06 09:52:15.674-[XQBHServer.ServerTran.ZDLogin.exec:49]-[LOG_IO]-<<<<<<<<<<<<<<<<<<<<<<<<<<<<<<
2017/11/06 09:52:15.705-[XQBHServer.ServerTran.CommonTran.getOut:71]-[LOG_IO]-XMLOut<?xml version="1.0" encoding="UTF-8"?>
<root><head type="java.util.Map"><HTJYM_>ZDLogin</HTJYM_><CWXX_U/><QTRQ_U>20171106</QTRQ_U><ZDBH_U>ZD00000001</ZDBH_U><IP_UUU>192.168.31.62</IP_UUU><QTLS_U>ZD00000001215215</QTLS_U><CWDM_U>AAAAAA</CWDM_U><ZDJYM_>1234567890</ZDJYM_><QTSJ_U>215215</QTSJ_U><QTJYM_>ZDLogin</QTJYM_></head><body type="java.util.Map"/></root>



2017/11/06 09:52:35.266-[XQBHServer.ServerTran.CommonTran.Comtran:20]-[LOG_IO]-XMLIn=<?xml version="1.0" encoding="UTF-8"?>
<root><head type="java.util.Map"><HTJYM_>ZDLogin</HTJYM_><QTRQ_U>20171106</QTRQ_U><ZDBH_U>ZD00000001</ZDBH_U><IP_UUU>192.168.31.62</IP_UUU><QTLS_U>ZD00000001215234</QTLS_U><ZDJYM_>1234567890</ZDJYM_><QTSJ_U>215234</QTSJ_U><QTJYM_>ZDLogin</QTJYM_></head><body type="java.util.Map"/></root>
2017/11/06 09:52:35.345-[XQBHServer.ServerAPI.JCZDHFX.exec:17]-[LOG_IO]->>>>>>>>>>>>>>>>>>>>>>>>>>>>>>
2017/11/06 09:52:35.345-[XQBHServer.ServerAPI.JCZDHFX.exec:18]-[LOG_IO]-ZDBH_U=ZD00000001
2017/11/06 09:52:35.345-[XQBHServer.ServerAPI.JCZDHFX.exec:19]-[LOG_IO]-ZDJYM_=1234567890
2017/11/06 09:52:35.360-[XQBHServer.ServerAPI.JCZDHFX.exec:31]-[LOG_IO]-<<<<<<<<<<<<<<<<<<<<<<<<<<<<<<
2017/11/06 09:52:35.407-[XQBHServer.ServerTran.CommonTran.Comtran:45]-[LOG_IO]-JYM_UU=ZDLogin
2017/11/06 09:52:35.501-[XQBHServer.ServerTran.ZDLogin.exec:24]-[LOG_IO]->>>>>>>>>>>>>>>>>>>>>>>>>>>>>>
2017/11/06 09:52:35.501-[XQBHServer.ServerTran.ZDLogin.exec:25]-[LOG_IO]-ZDJYM_=1234567890
2017/11/06 09:52:35.501-[XQBHServer.ServerTran.ZDLogin.exec:26]-[LOG_IO]-ZDBH_U=ZD00000001
2017/11/06 09:52:35.532-[XQBHServer.ServerTran.ZDLogin.exec:49]-[LOG_IO]-<<<<<<<<<<<<<<<<<<<<<<<<<<<<<<
2017/11/06 09:52:35.610-[XQBHServer.ServerTran.CommonTran.getOut:71]-[LOG_IO]-XMLOut<?xml version="1.0" encoding="UTF-8"?>
<root><head type="java.util.Map"><HTJYM_>ZDLogin</HTJYM_><CWXX_U/><QTRQ_U>20171106</QTRQ_U><ZDBH_U>ZD00000001</ZDBH_U><IP_UUU>192.168.31.62</IP_UUU><QTLS_U>ZD00000001215234</QTLS_U><CWDM_U>AAAAAA</CWDM_U><ZDJYM_>1234567890</ZDJYM_><QTSJ_U>215234</QTSJ_U><QTJYM_>ZDLogin</QTJYM_></head><body type="java.util.Map"/></root>



2017/11/06 09:54:11.134-[XQBHServer.ServerTran.CommonTran.Comtran:20]-[LOG_IO]-XMLIn=<?xml version="1.0" encoding="UTF-8"?>
<root><head type="java.util.Map"><HTJYM_>ZDLogin</HTJYM_><QTRQ_U>20171106</QTRQ_U><ZDBH_U></ZDBH_U><IP_UUU>192.168.31.62</IP_UUU><QTLS_U>215410</QTLS_U><ZDJYM_></ZDJYM_><QTSJ_U>215410</QTSJ_U><QTJYM_>ZDLogin</QTJYM_></head><body type="java.util.Map"/></root>
2017/11/06 09:54:11.212-[XQBHServer.ServerAPI.JCZDHFX.exec:17]-[LOG_IO]->>>>>>>>>>>>>>>>>>>>>>>>>>>>>>
2017/11/06 09:54:11.212-[XQBHServer.ServerAPI.JCZDHFX.exec:18]-[LOG_IO]-ZDBH_U=
2017/11/06 09:54:11.212-[XQBHServer.ServerAPI.JCZDHFX.exec:19]-[LOG_IO]-ZDJYM_=
2017/11/06 09:54:11.228-[XQBHServer.ServerTran.CommonTran.Comtran:33]-[LOG_SYS]-初始化失败
2017/11/06 09:54:11.228-[XQBHServer.ServerTran.Tran.runERR:47]-[LOG_ERR]-tranObj.CWDM_U=ERR001  tranObj.CWXX_U公共初始化失败
2017/11/06 09:54:11.228-[XQBHServer.ServerTran.CommonTran.getOut:71]-[LOG_IO]-XMLOut<?xml version="1.0" encoding="UTF-8"?>
<root><head type="java.util.Map"><HTJYM_>ZDLogin</HTJYM_><CWXX_U>公共初始化失败</CWXX_U><QTRQ_U>20171106</QTRQ_U><ZDBH_U></ZDBH_U><IP_UUU>192.168.31.62</IP_UUU><QTLS_U>215410</QTLS_U><CWDM_U>ERR001</CWDM_U><ZDJYM_></ZDJYM_><QTSJ_U>215410</QTSJ_U><QTJYM_>ZDLogin</QTJYM_></head><body type="java.util.Map"/></root>



2017/11/06 09:54:24.999-[XQBHServer.ServerTran.CommonTran.Comtran:20]-[LOG_IO]-XMLIn=<?xml version="1.0" encoding="UTF-8"?>
<root><head type="java.util.Map"><HTJYM_>ZDLogin</HTJYM_><QTRQ_U>20171106</QTRQ_U><ZDBH_U>ZD00000001</ZDBH_U><IP_UUU>192.168.31.62</IP_UUU><QTLS_U>ZD00000001215424</QTLS_U><ZDJYM_>1234567890</ZDJYM_><QTSJ_U>215424</QTSJ_U><QTJYM_>ZDLogin</QTJYM_></head><body type="java.util.Map"/></root>
2017/11/06 09:54:25.077-[XQBHServer.ServerAPI.JCZDHFX.exec:17]-[LOG_IO]->>>>>>>>>>>>>>>>>>>>>>>>>>>>>>
2017/11/06 09:54:25.077-[XQBHServer.ServerAPI.JCZDHFX.exec:18]-[LOG_IO]-ZDBH_U=ZD00000001
2017/11/06 09:54:25.077-[XQBHServer.ServerAPI.JCZDHFX.exec:19]-[LOG_IO]-ZDJYM_=1234567890
2017/11/06 09:54:25.093-[XQBHServer.ServerAPI.JCZDHFX.exec:31]-[LOG_IO]-<<<<<<<<<<<<<<<<<<<<<<<<<<<<<<
2017/11/06 09:54:25.140-[XQBHServer.ServerTran.CommonTran.Comtran:45]-[LOG_IO]-JYM_UU=ZDLogin
2017/11/06 09:54:25.233-[XQBHServer.ServerTran.ZDLogin.exec:24]-[LOG_IO]->>>>>>>>>>>>>>>>>>>>>>>>>>>>>>
2017/11/06 09:54:25.233-[XQBHServer.ServerTran.ZDLogin.exec:25]-[LOG_IO]-ZDJYM_=1234567890
2017/11/06 09:54:25.233-[XQBHServer.ServerTran.ZDLogin.exec:26]-[LOG_IO]-ZDBH_U=ZD00000001
2017/11/06 09:54:25.249-[XQBHServer.ServerTran.ZDLogin.exec:49]-[LOG_IO]-<<<<<<<<<<<<<<<<<<<<<<<<<<<<<<
2017/11/06 09:54:25.280-[XQBHServer.ServerTran.CommonTran.getOut:71]-[LOG_IO]-XMLOut<?xml version="1.0" encoding="UTF-8"?>
<root><head type="java.util.Map"><HTJYM_>ZDLogin</HTJYM_><CWXX_U/><QTRQ_U>20171106</QTRQ_U><ZDBH_U>ZD00000001</ZDBH_U><IP_UUU>192.168.31.62</IP_UUU><QTLS_U>ZD00000001215424</QTLS_U><CWDM_U>AAAAAA</CWDM_U><ZDJYM_>1234567890</ZDJYM_><QTSJ_U>215424</QTSJ_U><QTJYM_>ZDLogin</QTJYM_></head><body type="java.util.Map"/></root>



2017/11/06 10:12:21.890-[XQBHServer.ServerTran.CommonTran.Comtran:20]-[LOG_IO]-XMLIn=<?xml version="1.0" encoding="UTF-8"?>
<root><head type="java.util.Map"><HTJYM_>ZDLogin</HTJYM_><QTRQ_U>20171106</QTRQ_U><ZDBH_U>ZD00000001</ZDBH_U><IP_UUU>192.168.31.62</IP_UUU><QTLS_U>ZD00000001221221</QTLS_U><ZDJYM_>1234567890</ZDJYM_><QTSJ_U>221221</QTSJ_U><QTJYM_>ZDLogin</QTJYM_></head><body type="java.util.Map"/></root>
2017/11/06 10:12:21.968-[XQBHServer.ServerAPI.JCZDHFX.exec:17]-[LOG_IO]->>>>>>>>>>>>>>>>>>>>>>>>>>>>>>
2017/11/06 10:12:21.968-[XQBHServer.ServerAPI.JCZDHFX.exec:18]-[LOG_IO]-ZDBH_U=ZD00000001
2017/11/06 10:12:21.968-[XQBHServer.ServerAPI.JCZDHFX.exec:19]-[LOG_IO]-ZDJYM_=1234567890
2017/11/06 10:12:21.983-[XQBHServer.ServerAPI.JCZDHFX.exec:31]-[LOG_IO]-<<<<<<<<<<<<<<<<<<<<<<<<<<<<<<
2017/11/06 10:12:22.030-[XQBHServer.ServerTran.CommonTran.Comtran:45]-[LOG_IO]-JYM_UU=ZDLogin
2017/11/06 10:12:22.124-[XQBHServer.ServerTran.ZDLogin.exec:24]-[LOG_IO]->>>>>>>>>>>>>>>>>>>>>>>>>>>>>>
2017/11/06 10:12:22.124-[XQBHServer.ServerTran.ZDLogin.exec:25]-[LOG_IO]-ZDJYM_=1234567890
2017/11/06 10:12:22.124-[XQBHServer.ServerTran.ZDLogin.exec:26]-[LOG_IO]-ZDBH_U=ZD00000001
2017/11/06 10:12:22.140-[XQBHServer.ServerTran.ZDLogin.exec:49]-[LOG_IO]-<<<<<<<<<<<<<<<<<<<<<<<<<<<<<<
2017/11/06 10:12:22.171-[XQBHServer.ServerTran.CommonTran.getOut:71]-[LOG_IO]-XMLOut<?xml version="1.0" encoding="UTF-8"?>
<root><head type="java.util.Map"><HTJYM_>ZDLogin</HTJYM_><CWXX_U/><QTRQ_U>20171106</QTRQ_U><ZDBH_U>ZD00000001</ZDBH_U><IP_UUU>192.168.31.62</IP_UUU><QTLS_U>ZD00000001221221</QTLS_U><CWDM_U>AAAAAA</CWDM_U><ZDJYM_>1234567890</ZDJYM_><QTSJ_U>221221</QTSJ_U><QTJYM_>ZDLogin</QTJYM_></head><body type="java.util.Map"/></root>



2017/11/06 10:13:21.045-[XQBHServer.Server.ServerMain.main:31]-[LOG_SYS]-address:http://192.168.31.62:9000/CommonTran
2017/11/06 10:13:21.342-[XQBHServer.Server.ServerMain.main:34]-[LOG_SYS]-Server start successful!!!
2017/11/06 10:14:50.971-[XQBHServer.Server.ServerMain.main:31]-[LOG_SYS]-address:http://192.168.31.62:9000/CommonTran
2017/11/06 10:14:51.252-[XQBHServer.Server.ServerMain.main:34]-[LOG_SYS]-Server start successful!!!
2017/11/06 10:14:53.588-[XQBHServer.ServerTran.CommonTran.Comtran:20]-[LOG_IO]-XMLIn=<?xml version="1.0" encoding="UTF-8"?>
<root><head type="java.util.Map"><HTJYM_>ZDLogin</HTJYM_><QTRQ_U>20171106</QTRQ_U><ZDBH_U>ZD00000001</ZDBH_U><IP_UUU>192.168.31.62</IP_UUU><QTLS_U>ZD00000001221453</QTLS_U><ZDJYM_>1234567890</ZDJYM_><QTSJ_U>221453</QTSJ_U><QTJYM_>ZDLogin</QTJYM_></head><body type="java.util.Map"/></root>
2017/11/06 10:14:53.745-[XQBHServer.ServerAPI.JCZDHFX.exec:17]-[LOG_IO]->>>>>>>>>>>>>>>>>>>>>>>>>>>>>>
2017/11/06 10:14:53.745-[XQBHServer.ServerAPI.JCZDHFX.exec:18]-[LOG_IO]-ZDBH_U=ZD00000001
2017/11/06 10:14:53.745-[XQBHServer.ServerAPI.JCZDHFX.exec:19]-[LOG_IO]-ZDJYM_=1234567890
2017/11/06 10:14:53.760-[XQBHServer.ServerAPI.JCZDHFX.exec:31]-[LOG_IO]-<<<<<<<<<<<<<<<<<<<<<<<<<<<<<<
2017/11/06 10:14:53.807-[XQBHServer.ServerTran.CommonTran.Comtran:45]-[LOG_IO]-JYM_UU=ZDLogin
2017/11/06 10:14:53.901-[XQBHServer.ServerTran.ZDLogin.exec:24]-[LOG_IO]->>>>>>>>>>>>>>>>>>>>>>>>>>>>>>
2017/11/06 10:14:53.901-[XQBHServer.ServerTran.ZDLogin.exec:25]-[LOG_IO]-ZDJYM_=1234567890
2017/11/06 10:14:53.901-[XQBHServer.ServerTran.ZDLogin.exec:26]-[LOG_IO]-ZDBH_U=ZD00000001
2017/11/06 10:14:53.932-[XQBHServer.ServerTran.ZDLogin.exec:49]-[LOG_IO]-<<<<<<<<<<<<<<<<<<<<<<<<<<<<<<
2017/11/06 10:14:53.963-[XQBHServer.ServerTran.CommonTran.getOut:71]-[LOG_IO]-XMLOut<?xml version="1.0" encoding="UTF-8"?>
<root><head type="java.util.Map"><HTJYM_>ZDLogin</HTJYM_><CWXX_U/><QTRQ_U>20171106</QTRQ_U><ZDBH_U>ZD00000001</ZDBH_U><IP_UUU>192.168.31.62</IP_UUU><QTLS_U>ZD00000001221453</QTLS_U><CWDM_U>AAAAAA</CWDM_U><ZDJYM_>1234567890</ZDJYM_><QTSJ_U>221453</QTSJ_U><QTJYM_>ZDLogin</QTJYM_></head><body type="java.util.Map"/></root>



2017/11/06 10:16:31.100-[XQBHServer.ServerTran.CommonTran.Comtran:20]-[LOG_IO]-XMLIn=<?xml version="1.0" encoding="UTF-8"?>
<root><head type="java.util.Map"><HTJYM_>ZDLogin</HTJYM_><QTRQ_U>20171106</QTRQ_U><ZDBH_U>ZD00000001</ZDBH_U><IP_UUU>192.168.31.62</IP_UUU><QTLS_U>ZD00000001221630</QTLS_U><ZDJYM_>1234567890</ZDJYM_><QTSJ_U>221630</QTSJ_U><QTJYM_>ZDLogin</QTJYM_></head><body type="java.util.Map"/></root>
2017/11/06 10:16:31.210-[XQBHServer.ServerAPI.JCZDHFX.exec:17]-[LOG_IO]->>>>>>>>>>>>>>>>>>>>>>>>>>>>>>
2017/11/06 10:16:31.210-[XQBHServer.ServerAPI.JCZDHFX.exec:18]-[LOG_IO]-ZDBH_U=ZD00000001
2017/11/06 10:16:31.210-[XQBHServer.ServerAPI.JCZDHFX.exec:19]-[LOG_IO]-ZDJYM_=1234567890
2017/11/06 10:16:31.225-[XQBHServer.ServerAPI.JCZDHFX.exec:31]-[LOG_IO]-<<<<<<<<<<<<<<<<<<<<<<<<<<<<<<
2017/11/06 10:16:31.256-[XQBHServer.ServerTran.CommonTran.Comtran:45]-[LOG_IO]-JYM_UU=ZDLogin
2017/11/06 10:16:31.350-[XQBHServer.ServerTran.ZDLogin.exec:24]-[LOG_IO]->>>>>>>>>>>>>>>>>>>>>>>>>>>>>>
2017/11/06 10:16:31.350-[XQBHServer.ServerTran.ZDLogin.exec:25]-[LOG_IO]-ZDJYM_=1234567890
2017/11/06 10:16:31.350-[XQBHServer.ServerTran.ZDLogin.exec:26]-[LOG_IO]-ZDBH_U=ZD00000001
2017/11/06 10:16:31.366-[XQBHServer.ServerTran.ZDLogin.exec:49]-[LOG_IO]-<<<<<<<<<<<<<<<<<<<<<<<<<<<<<<
2017/11/06 10:16:31.397-[XQBHServer.ServerTran.CommonTran.getOut:71]-[LOG_IO]-XMLOut<?xml version="1.0" encoding="UTF-8"?>
<root><head type="java.util.Map"><HTJYM_>ZDLogin</HTJYM_><CWXX_U/><QTRQ_U>20171106</QTRQ_U><ZDBH_U>ZD00000001</ZDBH_U><IP_UUU>192.168.31.62</IP_UUU><QTLS_U>ZD00000001221630</QTLS_U><CWDM_U>AAAAAA</CWDM_U><ZDJYM_>1234567890</ZDJYM_><QTSJ_U>221630</QTSJ_U><QTJYM_>ZDLogin</QTJYM_></head><body type="java.util.Map"/></root>



2017/11/06 10:16:40.392-[XQBHServer.ServerTran.CommonTran.Comtran:20]-[LOG_IO]-XMLIn=<?xml version="1.0" encoding="UTF-8"?>
<root><head type="java.util.Map"><HTJYM_>ZDLogin</HTJYM_><QTRQ_U>20171106</QTRQ_U><ZDBH_U>ZD00000001</ZDBH_U><IP_UUU>192.168.31.62</IP_UUU><QTLS_U>ZD00000001221640</QTLS_U><ZDJYM_>1234567890</ZDJYM_><QTSJ_U>221640</QTSJ_U><QTJYM_>ZDLogin</QTJYM_></head><body type="java.util.Map"/></root>
2017/11/06 10:16:40.501-[XQBHServer.ServerAPI.JCZDHFX.exec:17]-[LOG_IO]->>>>>>>>>>>>>>>>>>>>>>>>>>>>>>
2017/11/06 10:16:40.501-[XQBHServer.ServerAPI.JCZDHFX.exec:18]-[LOG_IO]-ZDBH_U=ZD00000001
2017/11/06 10:16:40.501-[XQBHServer.ServerAPI.JCZDHFX.exec:19]-[LOG_IO]-ZDJYM_=1234567890
2017/11/06 10:16:40.517-[XQBHServer.ServerAPI.JCZDHFX.exec:31]-[LOG_IO]-<<<<<<<<<<<<<<<<<<<<<<<<<<<<<<
2017/11/06 10:16:40.564-[XQBHServer.ServerTran.CommonTran.Comtran:45]-[LOG_IO]-JYM_UU=ZDLogin
2017/11/06 10:16:40.642-[XQBHServer.ServerTran.ZDLogin.exec:24]-[LOG_IO]->>>>>>>>>>>>>>>>>>>>>>>>>>>>>>
2017/11/06 10:16:40.642-[XQBHServer.ServerTran.ZDLogin.exec:25]-[LOG_IO]-ZDJYM_=1234567890
2017/11/06 10:16:40.642-[XQBHServer.ServerTran.ZDLogin.exec:26]-[LOG_IO]-ZDBH_U=ZD00000001
2017/11/06 10:16:40.658-[XQBHServer.ServerTran.ZDLogin.exec:49]-[LOG_IO]-<<<<<<<<<<<<<<<<<<<<<<<<<<<<<<
2017/11/06 10:16:40.689-[XQBHServer.ServerTran.CommonTran.getOut:71]-[LOG_IO]-XMLOut<?xml version="1.0" encoding="UTF-8"?>
<root><head type="java.util.Map"><HTJYM_>ZDLogin</HTJYM_><CWXX_U/><QTRQ_U>20171106</QTRQ_U><ZDBH_U>ZD00000001</ZDBH_U><IP_UUU>192.168.31.62</IP_UUU><QTLS_U>ZD00000001221640</QTLS_U><CWDM_U>AAAAAA</CWDM_U><ZDJYM_>1234567890</ZDJYM_><QTSJ_U>221640</QTSJ_U><QTJYM_>ZDLogin</QTJYM_></head><body type="java.util.Map"/></root>



2017/11/06 10:16:44.079-[XQBHServer.ServerTran.CommonTran.Comtran:20]-[LOG_IO]-XMLIn=<?xml version="1.0" encoding="UTF-8"?>
<root><head type="java.util.Map"><HTJYM_>ZDLogin</HTJYM_><QTRQ_U>20171106</QTRQ_U><ZDBH_U>ZD00000001</ZDBH_U><IP_UUU>192.168.31.62</IP_UUU><QTLS_U>ZD00000001221643</QTLS_U><ZDJYM_>1234567890</ZDJYM_><QTSJ_U>221643</QTSJ_U><QTJYM_>ZDLogin</QTJYM_></head><body type="java.util.Map"/></root>
2017/11/06 10:16:44.188-[XQBHServer.ServerAPI.JCZDHFX.exec:17]-[LOG_IO]->>>>>>>>>>>>>>>>>>>>>>>>>>>>>>
2017/11/06 10:16:44.188-[XQBHServer.ServerAPI.JCZDHFX.exec:18]-[LOG_IO]-ZDBH_U=ZD00000001
2017/11/06 10:16:44.188-[XQBHServer.ServerAPI.JCZDHFX.exec:19]-[LOG_IO]-ZDJYM_=1234567890
2017/11/06 10:16:44.204-[XQBHServer.ServerAPI.JCZDHFX.exec:31]-[LOG_IO]-<<<<<<<<<<<<<<<<<<<<<<<<<<<<<<
2017/11/06 10:16:44.235-[XQBHServer.ServerTran.CommonTran.Comtran:45]-[LOG_IO]-JYM_UU=ZDLogin
2017/11/06 10:16:44.313-[XQBHServer.ServerTran.ZDLogin.exec:24]-[LOG_IO]->>>>>>>>>>>>>>>>>>>>>>>>>>>>>>
2017/11/06 10:16:44.313-[XQBHServer.ServerTran.ZDLogin.exec:25]-[LOG_IO]-ZDJYM_=1234567890
2017/11/06 10:16:44.313-[XQBHServer.ServerTran.ZDLogin.exec:26]-[LOG_IO]-ZDBH_U=ZD00000001
2017/11/06 10:16:44.329-[XQBHServer.ServerTran.ZDLogin.exec:49]-[LOG_IO]-<<<<<<<<<<<<<<<<<<<<<<<<<<<<<<
2017/11/06 10:16:44.360-[XQBHServer.ServerTran.CommonTran.getOut:71]-[LOG_IO]-XMLOut<?xml version="1.0" encoding="UTF-8"?>
<root><head type="java.util.Map"><HTJYM_>ZDLogin</HTJYM_><CWXX_U/><QTRQ_U>20171106</QTRQ_U><ZDBH_U>ZD00000001</ZDBH_U><IP_UUU>192.168.31.62</IP_UUU><QTLS_U>ZD00000001221643</QTLS_U><CWDM_U>AAAAAA</CWDM_U><ZDJYM_>1234567890</ZDJYM_><QTSJ_U>221643</QTSJ_U><QTJYM_>ZDLogin</QTJYM_></head><body type="java.util.Map"/></root>



2017/11/06 10:16:47.210-[XQBHServer.ServerTran.CommonTran.Comtran:20]-[LOG_IO]-XMLIn=<?xml version="1.0" encoding="UTF-8"?>
<root><head type="java.util.Map"><HTJYM_>ZDLogin</HTJYM_><QTRQ_U>20171106</QTRQ_U><ZDBH_U>ZD00000001</ZDBH_U><IP_UUU>192.168.31.62</IP_UUU><QTLS_U>ZD00000001221646</QTLS_U><ZDJYM_>1234567890</ZDJYM_><QTSJ_U>221646</QTSJ_U><QTJYM_>ZDLogin</QTJYM_></head><body type="java.util.Map"/></root>
2017/11/06 10:16:47.304-[XQBHServer.ServerAPI.JCZDHFX.exec:17]-[LOG_IO]->>>>>>>>>>>>>>>>>>>>>>>>>>>>>>
2017/11/06 10:16:47.304-[XQBHServer.ServerAPI.JCZDHFX.exec:18]-[LOG_IO]-ZDBH_U=ZD00000001
2017/11/06 10:16:47.304-[XQBHServer.ServerAPI.JCZDHFX.exec:19]-[LOG_IO]-ZDJYM_=1234567890
2017/11/06 10:16:47.304-[XQBHServer.ServerAPI.JCZDHFX.exec:31]-[LOG_IO]-<<<<<<<<<<<<<<<<<<<<<<<<<<<<<<
2017/11/06 10:16:47.335-[XQBHServer.ServerTran.CommonTran.Comtran:45]-[LOG_IO]-JYM_UU=ZDLogin
2017/11/06 10:16:47.444-[XQBHServer.ServerTran.ZDLogin.exec:24]-[LOG_IO]->>>>>>>>>>>>>>>>>>>>>>>>>>>>>>
2017/11/06 10:16:47.444-[XQBHServer.ServerTran.ZDLogin.exec:25]-[LOG_IO]-ZDJYM_=1234567890
2017/11/06 10:16:47.444-[XQBHServer.ServerTran.ZDLogin.exec:26]-[LOG_IO]-ZDBH_U=ZD00000001
2017/11/06 10:16:47.460-[XQBHServer.ServerTran.ZDLogin.exec:49]-[LOG_IO]-<<<<<<<<<<<<<<<<<<<<<<<<<<<<<<
2017/11/06 10:16:47.475-[XQBHServer.ServerTran.CommonTran.getOut:71]-[LOG_IO]-XMLOut<?xml version="1.0" encoding="UTF-8"?>
<root><head type="java.util.Map"><HTJYM_>ZDLogin</HTJYM_><CWXX_U/><QTRQ_U>20171106</QTRQ_U><ZDBH_U>ZD00000001</ZDBH_U><IP_UUU>192.168.31.62</IP_UUU><QTLS_U>ZD00000001221646</QTLS_U><CWDM_U>AAAAAA</CWDM_U><ZDJYM_>1234567890</ZDJYM_><QTSJ_U>221646</QTSJ_U><QTJYM_>ZDLogin</QTJYM_></head><body type="java.util.Map"/></root>



2017/11/06 10:25:38.254-[XQBHServer.ServerTran.CommonTran.Comtran:20]-[LOG_IO]-XMLIn=<?xml version="1.0" encoding="UTF-8"?>
<root><head type="java.util.Map"><HTJYM_>ZDLogin</HTJYM_><QTRQ_U>20171106</QTRQ_U><ZDBH_U>ZD00000001</ZDBH_U><IP_UUU>192.168.31.62</IP_UUU><QTLS_U>ZD00000001222537</QTLS_U><ZDJYM_>1234567890</ZDJYM_><QTSJ_U>222537</QTSJ_U><QTJYM_>ZDLogin</QTJYM_></head><body type="java.util.Map"/></root>
2017/11/06 10:25:38.332-[XQBHServer.ServerAPI.JCZDHFX.exec:17]-[LOG_IO]->>>>>>>>>>>>>>>>>>>>>>>>>>>>>>
2017/11/06 10:25:38.332-[XQBHServer.ServerAPI.JCZDHFX.exec:18]-[LOG_IO]-ZDBH_U=ZD00000001
2017/11/06 10:25:38.332-[XQBHServer.ServerAPI.JCZDHFX.exec:19]-[LOG_IO]-ZDJYM_=1234567890
2017/11/06 10:25:38.347-[XQBHServer.ServerAPI.JCZDHFX.exec:31]-[LOG_IO]-<<<<<<<<<<<<<<<<<<<<<<<<<<<<<<
2017/11/06 10:25:38.379-[XQBHServer.ServerTran.CommonTran.Comtran:45]-[LOG_IO]-JYM_UU=ZDLogin
2017/11/06 10:25:38.457-[XQBHServer.ServerTran.ZDLogin.exec:24]-[LOG_IO]->>>>>>>>>>>>>>>>>>>>>>>>>>>>>>
2017/11/06 10:25:38.457-[XQBHServer.ServerTran.ZDLogin.exec:25]-[LOG_IO]-ZDJYM_=1234567890
2017/11/06 10:25:38.457-[XQBHServer.ServerTran.ZDLogin.exec:26]-[LOG_IO]-ZDBH_U=ZD00000001
2017/11/06 10:25:38.472-[XQBHServer.ServerTran.ZDLogin.exec:49]-[LOG_IO]-<<<<<<<<<<<<<<<<<<<<<<<<<<<<<<
2017/11/06 10:25:38.488-[XQBHServer.ServerTran.CommonTran.getOut:71]-[LOG_IO]-XMLOut<?xml version="1.0" encoding="UTF-8"?>
<root><head type="java.util.Map"><HTJYM_>ZDLogin</HTJYM_><CWXX_U/><QTRQ_U>20171106</QTRQ_U><ZDBH_U>ZD00000001</ZDBH_U><IP_UUU>192.168.31.62</IP_UUU><QTLS_U>ZD00000001222537</QTLS_U><CWDM_U>AAAAAA</CWDM_U><ZDJYM_>1234567890</ZDJYM_><QTSJ_U>222537</QTSJ_U><QTJYM_>ZDLogin</QTJYM_></head><body type="java.util.Map"/></root>



2017/11/06 10:26:46.586-[XQBHServer.ServerTran.CommonTran.Comtran:20]-[LOG_IO]-XMLIn=<?xml version="1.0" encoding="UTF-8"?>
<root><head type="java.util.Map"><HTJYM_>ZDLogin</HTJYM_><QTRQ_U>20171106</QTRQ_U><ZDBH_U>ZD00000001</ZDBH_U><IP_UUU>192.168.31.62</IP_UUU><QTLS_U>ZD00000001222646</QTLS_U><ZDJYM_>1234567890</ZDJYM_><QTSJ_U>222646</QTSJ_U><QTJYM_>ZDLogin</QTJYM_></head><body type="java.util.Map"/></root>
2017/11/06 10:26:46.680-[XQBHServer.ServerAPI.JCZDHFX.exec:17]-[LOG_IO]->>>>>>>>>>>>>>>>>>>>>>>>>>>>>>
2017/11/06 10:26:46.680-[XQBHServer.ServerAPI.JCZDHFX.exec:18]-[LOG_IO]-ZDBH_U=ZD00000001
2017/11/06 10:26:46.680-[XQBHServer.ServerAPI.JCZDHFX.exec:19]-[LOG_IO]-ZDJYM_=1234567890
2017/11/06 10:26:46.696-[XQBHServer.ServerAPI.JCZDHFX.exec:31]-[LOG_IO]-<<<<<<<<<<<<<<<<<<<<<<<<<<<<<<
2017/11/06 10:26:46.774-[XQBHServer.ServerTran.CommonTran.Comtran:45]-[LOG_IO]-JYM_UU=ZDLogin
2017/11/06 10:26:46.852-[XQBHServer.ServerTran.ZDLogin.exec:24]-[LOG_IO]->>>>>>>>>>>>>>>>>>>>>>>>>>>>>>
2017/11/06 10:26:46.868-[XQBHServer.ServerTran.ZDLogin.exec:25]-[LOG_IO]-ZDJYM_=1234567890
2017/11/06 10:26:46.868-[XQBHServer.ServerTran.ZDLogin.exec:26]-[LOG_IO]-ZDBH_U=ZD00000001
2017/11/06 10:26:46.868-[XQBHServer.ServerTran.ZDLogin.exec:49]-[LOG_IO]-<<<<<<<<<<<<<<<<<<<<<<<<<<<<<<
2017/11/06 10:26:46.883-[XQBHServer.ServerTran.CommonTran.getOut:71]-[LOG_IO]-XMLOut<?xml version="1.0" encoding="UTF-8"?>
<root><head type="java.util.Map"><HTJYM_>ZDLogin</HTJYM_><CWXX_U/><QTRQ_U>20171106</QTRQ_U><ZDBH_U>ZD00000001</ZDBH_U><IP_UUU>192.168.31.62</IP_UUU><QTLS_U>ZD00000001222646</QTLS_U><CWDM_U>AAAAAA</CWDM_U><ZDJYM_>1234567890</ZDJYM_><QTSJ_U>222646</QTSJ_U><QTJYM_>ZDLogin</QTJYM_></head><body type="java.util.Map"/></root>



2017/11/06 10:29:08.129-[XQBHServer.Server.ServerMain.main:31]-[LOG_SYS]-address:http://192.168.31.62:9000/CommonTran
2017/11/06 10:29:08.426-[XQBHServer.Server.ServerMain.main:34]-[LOG_SYS]-Server start successful!!!
2017/11/06 10:29:11.340-[XQBHServer.ServerTran.CommonTran.Comtran:20]-[LOG_IO]-XMLIn=<?xml version="1.0" encoding="UTF-8"?>
<root><head type="java.util.Map"><HTJYM_>ZDLogin</HTJYM_><QTRQ_U>20171106</QTRQ_U><ZDBH_U>ZD00000001</ZDBH_U><IP_UUU>192.168.31.62</IP_UUU><QTLS_U>ZD00000001222911</QTLS_U><ZDJYM_>1234567890</ZDJYM_><QTSJ_U>222911</QTSJ_U><QTJYM_>ZDLogin</QTJYM_></head><body type="java.util.Map"/></root>
2017/11/06 10:29:11.512-[XQBHServer.ServerAPI.JCZDHFX.exec:17]-[LOG_IO]->>>>>>>>>>>>>>>>>>>>>>>>>>>>>>
2017/11/06 10:29:11.512-[XQBHServer.ServerAPI.JCZDHFX.exec:18]-[LOG_IO]-ZDBH_U=ZD00000001
2017/11/06 10:29:11.512-[XQBHServer.ServerAPI.JCZDHFX.exec:19]-[LOG_IO]-ZDJYM_=1234567890
2017/11/06 10:29:11.512-[XQBHServer.ServerAPI.JCZDHFX.exec:31]-[LOG_IO]-<<<<<<<<<<<<<<<<<<<<<<<<<<<<<<
2017/11/06 10:29:11.558-[XQBHServer.ServerTran.CommonTran.Comtran:45]-[LOG_IO]-JYM_UU=ZDLogin
2017/11/06 10:29:11.668-[XQBHServer.ServerTran.ZDLogin.exec:24]-[LOG_IO]->>>>>>>>>>>>>>>>>>>>>>>>>>>>>>
2017/11/06 10:29:11.668-[XQBHServer.ServerTran.ZDLogin.exec:25]-[LOG_IO]-ZDJYM_=1234567890
2017/11/06 10:29:11.668-[XQBHServer.ServerTran.ZDLogin.exec:26]-[LOG_IO]-ZDBH_U=ZD00000001
2017/11/06 10:29:11.668-[XQBHServer.ServerTran.ZDLogin.exec:50]-[LOG_IO]-<<<<<<<<<<<<<<<<<<<<<<<<<<<<<<
2017/11/06 10:29:11.683-[XQBHServer.ServerTran.CommonTran.getOut:71]-[LOG_IO]-XMLOut<?xml version="1.0" encoding="UTF-8"?>
<root><head type="java.util.Map"><HTJYM_>ZDLogin</HTJYM_><CWXX_U/><QTRQ_U>20171106</QTRQ_U><ZDBH_U>ZD00000001</ZDBH_U><IP_UUU>192.168.31.62</IP_UUU><QTLS_U>ZD00000001222911</QTLS_U><CWDM_U>AAAAAA</CWDM_U><ZDJYM_>1234567890</ZDJYM_><QTSJ_U>222911</QTSJ_U><QTJYM_>ZDLogin</QTJYM_></head><body type="java.util.Map"><re>哈哈哈</re></body></root>



2017/11/06 10:31:53.626-[XQBHServer.Server.ServerMain.main:31]-[LOG_SYS]-address:http://192.168.31.62:9000/CommonTran
2017/11/06 10:31:53.907-[XQBHServer.Server.ServerMain.main:34]-[LOG_SYS]-Server start successful!!!
2017/11/06 10:31:57.889-[XQBHServer.ServerTran.CommonTran.Comtran:20]-[LOG_IO]-XMLIn=<?xml version="1.0" encoding="UTF-8"?>
<root><head type="java.util.Map"><HTJYM_>ZDLogin</HTJYM_><QTRQ_U>20171106</QTRQ_U><ZDBH_U>ZD00000001</ZDBH_U><IP_UUU>192.168.31.62</IP_UUU><QTLS_U>ZD00000001223157</QTLS_U><ZDJYM_>1234567890</ZDJYM_><QTSJ_U>223157</QTSJ_U><QTJYM_>ZDLogin</QTJYM_></head><body type="java.util.Map"/></root>
2017/11/06 10:31:58.046-[XQBHServer.ServerAPI.JCZDHFX.exec:17]-[LOG_IO]->>>>>>>>>>>>>>>>>>>>>>>>>>>>>>
2017/11/06 10:31:58.046-[XQBHServer.ServerAPI.JCZDHFX.exec:18]-[LOG_IO]-ZDBH_U=ZD00000001
2017/11/06 10:31:58.046-[XQBHServer.ServerAPI.JCZDHFX.exec:19]-[LOG_IO]-ZDJYM_=1234567890
2017/11/06 10:31:58.061-[XQBHServer.ServerAPI.JCZDHFX.exec:31]-[LOG_IO]-<<<<<<<<<<<<<<<<<<<<<<<<<<<<<<
2017/11/06 10:31:58.077-[XQBHServer.ServerTran.CommonTran.Comtran:45]-[LOG_IO]-JYM_UU=ZDLogin
2017/11/06 10:31:58.171-[XQBHServer.ServerTran.ZDLogin.exec:24]-[LOG_IO]->>>>>>>>>>>>>>>>>>>>>>>>>>>>>>
2017/11/06 10:31:58.171-[XQBHServer.ServerTran.ZDLogin.exec:25]-[LOG_IO]-ZDJYM_=1234567890
2017/11/06 10:31:58.171-[XQBHServer.ServerTran.ZDLogin.exec:26]-[LOG_IO]-ZDBH_U=ZD00000001
2017/11/06 10:31:58.186-[XQBHServer.ServerTran.ZDLogin.exec:49]-[LOG_DEBUG]-1
2017/11/06 10:31:58.186-[XQBHServer.ServerTran.ZDLogin.exec:50]-[LOG_IO]-<<<<<<<<<<<<<<<<<<<<<<<<<<<<<<
2017/11/06 10:31:58.217-[XQBHServer.ServerTran.CommonTran.getOut:71]-[LOG_IO]-XMLOut<?xml version="1.0" encoding="UTF-8"?>
<root><head type="java.util.Map"><HTJYM_>ZDLogin</HTJYM_><CWXX_U/><QTRQ_U>20171106</QTRQ_U><ZDBH_U>ZD00000001</ZDBH_U><IP_UUU>192.168.31.62</IP_UUU><QTLS_U>ZD00000001223157</QTLS_U><CWDM_U>AAAAAA</CWDM_U><ZDJYM_>1234567890</ZDJYM_><QTSJ_U>223157</QTSJ_U><QTJYM_>ZDLogin</QTJYM_></head><body type="java.util.Map"><re>哈哈哈</re></body></root>



2017/11/06 10:42:09.812-[XQBHServer.Server.ServerMain.main:31]-[LOG_SYS]-address:http://192.168.31.62:9000/CommonTran
2017/11/06 10:42:10.097-[XQBHServer.Server.ServerMain.main:34]-[LOG_SYS]-Server start successful!!!
2017/11/06 10:42:17.362-[XQBHServer.ServerTran.CommonTran.Comtran:20]-[LOG_IO]-XMLIn=<?xml version="1.0" encoding="UTF-8"?>
<root><head type="java.util.Map"><HTJYM_>ZDLogin</HTJYM_><QTRQ_U>20171106</QTRQ_U><ZDBH_U>ZD00000001</ZDBH_U><IP_UUU>192.168.31.62</IP_UUU><QTLS_U>ZD00000001224217</QTLS_U><ZDJYM_>1234567890</ZDJYM_><QTSJ_U>224217</QTSJ_U><QTJYM_>ZDLogin</QTJYM_></head><body type="java.util.Map"/></root>
2017/11/06 10:42:17.534-[XQBHServer.ServerAPI.JCZDHFX.exec:17]-[LOG_IO]->>>>>>>>>>>>>>>>>>>>>>>>>>>>>>
2017/11/06 10:42:17.534-[XQBHServer.ServerAPI.JCZDHFX.exec:18]-[LOG_IO]-ZDBH_U=ZD00000001
2017/11/06 10:42:17.535-[XQBHServer.ServerAPI.JCZDHFX.exec:19]-[LOG_IO]-ZDJYM_=1234567890
2017/11/06 10:42:17.544-[XQBHServer.ServerAPI.JCZDHFX.exec:31]-[LOG_IO]-<<<<<<<<<<<<<<<<<<<<<<<<<<<<<<
2017/11/06 10:42:17.573-[XQBHServer.ServerTran.CommonTran.Comtran:45]-[LOG_IO]-JYM_UU=ZDLogin
2017/11/06 10:42:17.673-[XQBHServer.ServerTran.ZDLogin.exec:24]-[LOG_IO]->>>>>>>>>>>>>>>>>>>>>>>>>>>>>>
2017/11/06 10:42:17.673-[XQBHServer.ServerTran.ZDLogin.exec:25]-[LOG_IO]-ZDJYM_=1234567890
2017/11/06 10:42:17.674-[XQBHServer.ServerTran.ZDLogin.exec:26]-[LOG_IO]-ZDBH_U=ZD00000001
2017/11/06 10:42:17.683-[XQBHServer.ServerTran.ZDLogin.exec:49]-[LOG_DEBUG]-1
2017/11/06 10:42:17.683-[XQBHServer.ServerTran.ZDLogin.exec:50]-[LOG_IO]-<<<<<<<<<<<<<<<<<<<<<<<<<<<<<<
2017/11/06 10:42:17.711-[XQBHServer.ServerTran.CommonTran.getOut:71]-[LOG_IO]-XMLOut<?xml version="1.0" encoding="UTF-8"?>
<root><head type="java.util.Map"><HTJYM_>ZDLogin</HTJYM_><CWXX_U/><QTRQ_U>20171106</QTRQ_U><ZDBH_U>ZD00000001</ZDBH_U><IP_UUU>192.168.31.62</IP_UUU><QTLS_U>ZD00000001224217</QTLS_U><CWDM_U>AAAAAA</CWDM_U><ZDJYM_>1234567890</ZDJYM_><QTSJ_U>224217</QTSJ_U><QTJYM_>ZDLogin</QTJYM_></head><body type="java.util.Map"><re>哈哈哈</re></body></root>



